[2023-11-26T14:41:59.317+0000] {processor.py:157} INFO - Started process (PID=162) to work on /opt/airflow/dags/custom_operators.py
[2023-11-26T14:41:59.318+0000] {processor.py:829} INFO - Processing file /opt/airflow/dags/custom_operators.py for tasks to queue
[2023-11-26T14:41:59.319+0000] {logging_mixin.py:151} INFO - [2023-11-26T14:41:59.319+0000] {dagbag.py:539} INFO - Filling up the DagBag from /opt/airflow/dags/custom_operators.py
[2023-11-26T14:42:00.912+0000] {logging_mixin.py:151} WARNING - /home/airflow/.local/lib/python3.8/site-packages/airflow/models/dagbag.py:343 RemovedInAirflow3Warning: This decorator is deprecated.

In previous versions, all subclasses of BaseOperator must use apply_default decorator for the `default_args` feature to work properly.

In current version, it is optional. The decorator is applied automatically using the metaclass.
[2023-11-26T14:42:00.917+0000] {processor.py:841} WARNING - No viable dags retrieved from /opt/airflow/dags/custom_operators.py
[2023-11-26T14:42:00.926+0000] {processor.py:179} INFO - Processing /opt/airflow/dags/custom_operators.py took 1.613 seconds
[2023-11-26T14:42:31.228+0000] {processor.py:157} INFO - Started process (PID=181) to work on /opt/airflow/dags/custom_operators.py
[2023-11-26T14:42:31.229+0000] {processor.py:829} INFO - Processing file /opt/airflow/dags/custom_operators.py for tasks to queue
[2023-11-26T14:42:31.231+0000] {logging_mixin.py:151} INFO - [2023-11-26T14:42:31.230+0000] {dagbag.py:539} INFO - Filling up the DagBag from /opt/airflow/dags/custom_operators.py
[2023-11-26T14:42:31.710+0000] {logging_mixin.py:151} WARNING - /home/airflow/.local/lib/python3.8/site-packages/airflow/models/dagbag.py:343 RemovedInAirflow3Warning: This decorator is deprecated.

In previous versions, all subclasses of BaseOperator must use apply_default decorator for the `default_args` feature to work properly.

In current version, it is optional. The decorator is applied automatically using the metaclass.
[2023-11-26T14:42:31.710+0000] {processor.py:841} WARNING - No viable dags retrieved from /opt/airflow/dags/custom_operators.py
[2023-11-26T14:42:31.717+0000] {processor.py:179} INFO - Processing /opt/airflow/dags/custom_operators.py took 0.494 seconds
[2023-11-26T14:43:02.084+0000] {processor.py:157} INFO - Started process (PID=201) to work on /opt/airflow/dags/custom_operators.py
[2023-11-26T14:43:02.086+0000] {processor.py:829} INFO - Processing file /opt/airflow/dags/custom_operators.py for tasks to queue
[2023-11-26T14:43:02.087+0000] {logging_mixin.py:151} INFO - [2023-11-26T14:43:02.087+0000] {dagbag.py:539} INFO - Filling up the DagBag from /opt/airflow/dags/custom_operators.py
[2023-11-26T14:43:02.605+0000] {logging_mixin.py:151} WARNING - /home/airflow/.local/lib/python3.8/site-packages/airflow/models/dagbag.py:343 RemovedInAirflow3Warning: This decorator is deprecated.

In previous versions, all subclasses of BaseOperator must use apply_default decorator for the `default_args` feature to work properly.

In current version, it is optional. The decorator is applied automatically using the metaclass.
[2023-11-26T14:43:02.606+0000] {processor.py:841} WARNING - No viable dags retrieved from /opt/airflow/dags/custom_operators.py
[2023-11-26T14:43:02.617+0000] {processor.py:179} INFO - Processing /opt/airflow/dags/custom_operators.py took 0.540 seconds
[2023-11-26T14:43:32.960+0000] {processor.py:157} INFO - Started process (PID=220) to work on /opt/airflow/dags/custom_operators.py
[2023-11-26T14:43:32.962+0000] {processor.py:829} INFO - Processing file /opt/airflow/dags/custom_operators.py for tasks to queue
[2023-11-26T14:43:32.963+0000] {logging_mixin.py:151} INFO - [2023-11-26T14:43:32.962+0000] {dagbag.py:539} INFO - Filling up the DagBag from /opt/airflow/dags/custom_operators.py
[2023-11-26T14:43:33.327+0000] {logging_mixin.py:151} WARNING - /home/airflow/.local/lib/python3.8/site-packages/airflow/models/dagbag.py:343 RemovedInAirflow3Warning: This decorator is deprecated.

In previous versions, all subclasses of BaseOperator must use apply_default decorator for the `default_args` feature to work properly.

In current version, it is optional. The decorator is applied automatically using the metaclass.
[2023-11-26T14:43:33.327+0000] {processor.py:841} WARNING - No viable dags retrieved from /opt/airflow/dags/custom_operators.py
[2023-11-26T14:43:33.342+0000] {processor.py:179} INFO - Processing /opt/airflow/dags/custom_operators.py took 0.386 seconds
[2023-11-26T14:44:03.664+0000] {processor.py:157} INFO - Started process (PID=239) to work on /opt/airflow/dags/custom_operators.py
[2023-11-26T14:44:03.667+0000] {processor.py:829} INFO - Processing file /opt/airflow/dags/custom_operators.py for tasks to queue
[2023-11-26T14:44:03.670+0000] {logging_mixin.py:151} INFO - [2023-11-26T14:44:03.668+0000] {dagbag.py:539} INFO - Filling up the DagBag from /opt/airflow/dags/custom_operators.py
[2023-11-26T14:44:04.114+0000] {logging_mixin.py:151} WARNING - /home/airflow/.local/lib/python3.8/site-packages/airflow/models/dagbag.py:343 RemovedInAirflow3Warning: This decorator is deprecated.

In previous versions, all subclasses of BaseOperator must use apply_default decorator for the `default_args` feature to work properly.

In current version, it is optional. The decorator is applied automatically using the metaclass.
[2023-11-26T14:44:04.115+0000] {processor.py:841} WARNING - No viable dags retrieved from /opt/airflow/dags/custom_operators.py
[2023-11-26T14:44:04.129+0000] {processor.py:179} INFO - Processing /opt/airflow/dags/custom_operators.py took 0.471 seconds
[2023-11-26T14:44:34.460+0000] {processor.py:157} INFO - Started process (PID=258) to work on /opt/airflow/dags/custom_operators.py
[2023-11-26T14:44:34.464+0000] {processor.py:829} INFO - Processing file /opt/airflow/dags/custom_operators.py for tasks to queue
[2023-11-26T14:44:34.466+0000] {logging_mixin.py:151} INFO - [2023-11-26T14:44:34.465+0000] {dagbag.py:539} INFO - Filling up the DagBag from /opt/airflow/dags/custom_operators.py
[2023-11-26T14:44:34.837+0000] {logging_mixin.py:151} WARNING - /home/airflow/.local/lib/python3.8/site-packages/airflow/models/dagbag.py:343 RemovedInAirflow3Warning: This decorator is deprecated.

In previous versions, all subclasses of BaseOperator must use apply_default decorator for the `default_args` feature to work properly.

In current version, it is optional. The decorator is applied automatically using the metaclass.
[2023-11-26T14:44:34.838+0000] {processor.py:841} WARNING - No viable dags retrieved from /opt/airflow/dags/custom_operators.py
[2023-11-26T14:44:34.847+0000] {processor.py:179} INFO - Processing /opt/airflow/dags/custom_operators.py took 0.392 seconds
[2023-11-26T14:45:05.176+0000] {processor.py:157} INFO - Started process (PID=277) to work on /opt/airflow/dags/custom_operators.py
[2023-11-26T14:45:05.177+0000] {processor.py:829} INFO - Processing file /opt/airflow/dags/custom_operators.py for tasks to queue
[2023-11-26T14:45:05.178+0000] {logging_mixin.py:151} INFO - [2023-11-26T14:45:05.178+0000] {dagbag.py:539} INFO - Filling up the DagBag from /opt/airflow/dags/custom_operators.py
[2023-11-26T14:45:05.369+0000] {logging_mixin.py:151} WARNING - /home/airflow/.local/lib/python3.8/site-packages/airflow/models/dagbag.py:343 RemovedInAirflow3Warning: This decorator is deprecated.

In previous versions, all subclasses of BaseOperator must use apply_default decorator for the `default_args` feature to work properly.

In current version, it is optional. The decorator is applied automatically using the metaclass.
[2023-11-26T14:45:05.370+0000] {processor.py:841} WARNING - No viable dags retrieved from /opt/airflow/dags/custom_operators.py
[2023-11-26T14:45:05.381+0000] {processor.py:179} INFO - Processing /opt/airflow/dags/custom_operators.py took 0.210 seconds
[2023-11-26T14:45:35.700+0000] {processor.py:157} INFO - Started process (PID=296) to work on /opt/airflow/dags/custom_operators.py
[2023-11-26T14:45:35.702+0000] {processor.py:829} INFO - Processing file /opt/airflow/dags/custom_operators.py for tasks to queue
[2023-11-26T14:45:35.703+0000] {logging_mixin.py:151} INFO - [2023-11-26T14:45:35.702+0000] {dagbag.py:539} INFO - Filling up the DagBag from /opt/airflow/dags/custom_operators.py
[2023-11-26T14:45:35.943+0000] {logging_mixin.py:151} WARNING - /home/airflow/.local/lib/python3.8/site-packages/airflow/models/dagbag.py:343 RemovedInAirflow3Warning: This decorator is deprecated.

In previous versions, all subclasses of BaseOperator must use apply_default decorator for the `default_args` feature to work properly.

In current version, it is optional. The decorator is applied automatically using the metaclass.
[2023-11-26T14:45:35.943+0000] {processor.py:841} WARNING - No viable dags retrieved from /opt/airflow/dags/custom_operators.py
[2023-11-26T14:45:35.956+0000] {processor.py:179} INFO - Processing /opt/airflow/dags/custom_operators.py took 0.260 seconds
[2023-11-26T14:46:06.282+0000] {processor.py:157} INFO - Started process (PID=315) to work on /opt/airflow/dags/custom_operators.py
[2023-11-26T14:46:06.285+0000] {processor.py:829} INFO - Processing file /opt/airflow/dags/custom_operators.py for tasks to queue
[2023-11-26T14:46:06.287+0000] {logging_mixin.py:151} INFO - [2023-11-26T14:46:06.287+0000] {dagbag.py:539} INFO - Filling up the DagBag from /opt/airflow/dags/custom_operators.py
[2023-11-26T14:46:06.495+0000] {logging_mixin.py:151} WARNING - /home/airflow/.local/lib/python3.8/site-packages/airflow/models/dagbag.py:343 RemovedInAirflow3Warning: This decorator is deprecated.

In previous versions, all subclasses of BaseOperator must use apply_default decorator for the `default_args` feature to work properly.

In current version, it is optional. The decorator is applied automatically using the metaclass.
[2023-11-26T14:46:06.495+0000] {processor.py:841} WARNING - No viable dags retrieved from /opt/airflow/dags/custom_operators.py
[2023-11-26T14:46:06.509+0000] {processor.py:179} INFO - Processing /opt/airflow/dags/custom_operators.py took 0.231 seconds
[2023-11-26T14:46:36.829+0000] {processor.py:157} INFO - Started process (PID=333) to work on /opt/airflow/dags/custom_operators.py
[2023-11-26T14:46:36.830+0000] {processor.py:829} INFO - Processing file /opt/airflow/dags/custom_operators.py for tasks to queue
[2023-11-26T14:46:36.831+0000] {logging_mixin.py:151} INFO - [2023-11-26T14:46:36.831+0000] {dagbag.py:539} INFO - Filling up the DagBag from /opt/airflow/dags/custom_operators.py
[2023-11-26T14:46:37.021+0000] {logging_mixin.py:151} WARNING - /home/airflow/.local/lib/python3.8/site-packages/airflow/models/dagbag.py:343 RemovedInAirflow3Warning: This decorator is deprecated.

In previous versions, all subclasses of BaseOperator must use apply_default decorator for the `default_args` feature to work properly.

In current version, it is optional. The decorator is applied automatically using the metaclass.
[2023-11-26T14:46:37.022+0000] {processor.py:841} WARNING - No viable dags retrieved from /opt/airflow/dags/custom_operators.py
[2023-11-26T14:46:37.030+0000] {processor.py:179} INFO - Processing /opt/airflow/dags/custom_operators.py took 0.204 seconds
[2023-11-26T14:47:07.387+0000] {processor.py:157} INFO - Started process (PID=352) to work on /opt/airflow/dags/custom_operators.py
[2023-11-26T14:47:07.389+0000] {processor.py:829} INFO - Processing file /opt/airflow/dags/custom_operators.py for tasks to queue
[2023-11-26T14:47:07.392+0000] {logging_mixin.py:151} INFO - [2023-11-26T14:47:07.391+0000] {dagbag.py:539} INFO - Filling up the DagBag from /opt/airflow/dags/custom_operators.py
[2023-11-26T14:47:07.590+0000] {logging_mixin.py:151} WARNING - /home/airflow/.local/lib/python3.8/site-packages/airflow/models/dagbag.py:343 RemovedInAirflow3Warning: This decorator is deprecated.

In previous versions, all subclasses of BaseOperator must use apply_default decorator for the `default_args` feature to work properly.

In current version, it is optional. The decorator is applied automatically using the metaclass.
[2023-11-26T14:47:07.590+0000] {processor.py:841} WARNING - No viable dags retrieved from /opt/airflow/dags/custom_operators.py
[2023-11-26T14:47:07.599+0000] {processor.py:179} INFO - Processing /opt/airflow/dags/custom_operators.py took 0.218 seconds
[2023-11-26T14:47:37.969+0000] {processor.py:157} INFO - Started process (PID=371) to work on /opt/airflow/dags/custom_operators.py
[2023-11-26T14:47:37.970+0000] {processor.py:829} INFO - Processing file /opt/airflow/dags/custom_operators.py for tasks to queue
[2023-11-26T14:47:37.972+0000] {logging_mixin.py:151} INFO - [2023-11-26T14:47:37.972+0000] {dagbag.py:539} INFO - Filling up the DagBag from /opt/airflow/dags/custom_operators.py
[2023-11-26T14:47:38.161+0000] {logging_mixin.py:151} WARNING - /home/airflow/.local/lib/python3.8/site-packages/airflow/models/dagbag.py:343 RemovedInAirflow3Warning: This decorator is deprecated.

In previous versions, all subclasses of BaseOperator must use apply_default decorator for the `default_args` feature to work properly.

In current version, it is optional. The decorator is applied automatically using the metaclass.
[2023-11-26T14:47:38.161+0000] {processor.py:841} WARNING - No viable dags retrieved from /opt/airflow/dags/custom_operators.py
[2023-11-26T14:47:38.170+0000] {processor.py:179} INFO - Processing /opt/airflow/dags/custom_operators.py took 0.206 seconds
[2023-11-26T14:48:08.499+0000] {processor.py:157} INFO - Started process (PID=391) to work on /opt/airflow/dags/custom_operators.py
[2023-11-26T14:48:08.502+0000] {processor.py:829} INFO - Processing file /opt/airflow/dags/custom_operators.py for tasks to queue
[2023-11-26T14:48:08.503+0000] {logging_mixin.py:151} INFO - [2023-11-26T14:48:08.503+0000] {dagbag.py:539} INFO - Filling up the DagBag from /opt/airflow/dags/custom_operators.py
[2023-11-26T14:48:08.697+0000] {logging_mixin.py:151} WARNING - /home/airflow/.local/lib/python3.8/site-packages/airflow/models/dagbag.py:343 RemovedInAirflow3Warning: This decorator is deprecated.

In previous versions, all subclasses of BaseOperator must use apply_default decorator for the `default_args` feature to work properly.

In current version, it is optional. The decorator is applied automatically using the metaclass.
[2023-11-26T14:48:08.698+0000] {processor.py:841} WARNING - No viable dags retrieved from /opt/airflow/dags/custom_operators.py
[2023-11-26T14:48:08.707+0000] {processor.py:179} INFO - Processing /opt/airflow/dags/custom_operators.py took 0.214 seconds
[2023-11-26T14:48:38.981+0000] {processor.py:157} INFO - Started process (PID=410) to work on /opt/airflow/dags/custom_operators.py
[2023-11-26T14:48:38.985+0000] {processor.py:829} INFO - Processing file /opt/airflow/dags/custom_operators.py for tasks to queue
[2023-11-26T14:48:38.987+0000] {logging_mixin.py:151} INFO - [2023-11-26T14:48:38.986+0000] {dagbag.py:539} INFO - Filling up the DagBag from /opt/airflow/dags/custom_operators.py
[2023-11-26T14:48:39.196+0000] {logging_mixin.py:151} WARNING - /home/airflow/.local/lib/python3.8/site-packages/airflow/models/dagbag.py:343 RemovedInAirflow3Warning: This decorator is deprecated.

In previous versions, all subclasses of BaseOperator must use apply_default decorator for the `default_args` feature to work properly.

In current version, it is optional. The decorator is applied automatically using the metaclass.
[2023-11-26T14:48:39.197+0000] {processor.py:841} WARNING - No viable dags retrieved from /opt/airflow/dags/custom_operators.py
[2023-11-26T14:48:39.210+0000] {processor.py:179} INFO - Processing /opt/airflow/dags/custom_operators.py took 0.234 seconds
[2023-11-26T14:49:09.550+0000] {processor.py:157} INFO - Started process (PID=428) to work on /opt/airflow/dags/custom_operators.py
[2023-11-26T14:49:09.552+0000] {processor.py:829} INFO - Processing file /opt/airflow/dags/custom_operators.py for tasks to queue
[2023-11-26T14:49:09.555+0000] {logging_mixin.py:151} INFO - [2023-11-26T14:49:09.554+0000] {dagbag.py:539} INFO - Filling up the DagBag from /opt/airflow/dags/custom_operators.py
[2023-11-26T14:49:09.774+0000] {logging_mixin.py:151} WARNING - /home/airflow/.local/lib/python3.8/site-packages/airflow/models/dagbag.py:343 RemovedInAirflow3Warning: This decorator is deprecated.

In previous versions, all subclasses of BaseOperator must use apply_default decorator for the `default_args` feature to work properly.

In current version, it is optional. The decorator is applied automatically using the metaclass.
[2023-11-26T14:49:09.774+0000] {processor.py:841} WARNING - No viable dags retrieved from /opt/airflow/dags/custom_operators.py
[2023-11-26T14:49:09.785+0000] {processor.py:179} INFO - Processing /opt/airflow/dags/custom_operators.py took 0.240 seconds
[2023-11-26T14:49:40.117+0000] {processor.py:157} INFO - Started process (PID=447) to work on /opt/airflow/dags/custom_operators.py
[2023-11-26T14:49:40.118+0000] {processor.py:829} INFO - Processing file /opt/airflow/dags/custom_operators.py for tasks to queue
[2023-11-26T14:49:40.119+0000] {logging_mixin.py:151} INFO - [2023-11-26T14:49:40.119+0000] {dagbag.py:539} INFO - Filling up the DagBag from /opt/airflow/dags/custom_operators.py
[2023-11-26T14:49:40.328+0000] {logging_mixin.py:151} WARNING - /home/airflow/.local/lib/python3.8/site-packages/airflow/models/dagbag.py:343 RemovedInAirflow3Warning: This decorator is deprecated.

In previous versions, all subclasses of BaseOperator must use apply_default decorator for the `default_args` feature to work properly.

In current version, it is optional. The decorator is applied automatically using the metaclass.
[2023-11-26T14:49:40.329+0000] {processor.py:841} WARNING - No viable dags retrieved from /opt/airflow/dags/custom_operators.py
[2023-11-26T14:49:40.353+0000] {processor.py:179} INFO - Processing /opt/airflow/dags/custom_operators.py took 0.239 seconds
[2023-11-26T14:50:10.650+0000] {processor.py:157} INFO - Started process (PID=466) to work on /opt/airflow/dags/custom_operators.py
[2023-11-26T14:50:10.651+0000] {processor.py:829} INFO - Processing file /opt/airflow/dags/custom_operators.py for tasks to queue
[2023-11-26T14:50:10.655+0000] {logging_mixin.py:151} INFO - [2023-11-26T14:50:10.655+0000] {dagbag.py:539} INFO - Filling up the DagBag from /opt/airflow/dags/custom_operators.py
[2023-11-26T14:50:11.006+0000] {logging_mixin.py:151} WARNING - /home/airflow/.local/lib/python3.8/site-packages/airflow/models/dagbag.py:343 RemovedInAirflow3Warning: This decorator is deprecated.

In previous versions, all subclasses of BaseOperator must use apply_default decorator for the `default_args` feature to work properly.

In current version, it is optional. The decorator is applied automatically using the metaclass.
[2023-11-26T14:50:11.013+0000] {processor.py:841} WARNING - No viable dags retrieved from /opt/airflow/dags/custom_operators.py
[2023-11-26T14:50:11.031+0000] {processor.py:179} INFO - Processing /opt/airflow/dags/custom_operators.py took 0.383 seconds
[2023-11-26T14:50:41.410+0000] {processor.py:157} INFO - Started process (PID=485) to work on /opt/airflow/dags/custom_operators.py
[2023-11-26T14:50:41.416+0000] {processor.py:829} INFO - Processing file /opt/airflow/dags/custom_operators.py for tasks to queue
[2023-11-26T14:50:41.417+0000] {logging_mixin.py:151} INFO - [2023-11-26T14:50:41.416+0000] {dagbag.py:539} INFO - Filling up the DagBag from /opt/airflow/dags/custom_operators.py
[2023-11-26T14:50:41.820+0000] {logging_mixin.py:151} WARNING - /home/airflow/.local/lib/python3.8/site-packages/airflow/models/dagbag.py:343 RemovedInAirflow3Warning: This decorator is deprecated.

In previous versions, all subclasses of BaseOperator must use apply_default decorator for the `default_args` feature to work properly.

In current version, it is optional. The decorator is applied automatically using the metaclass.
[2023-11-26T14:50:41.820+0000] {processor.py:841} WARNING - No viable dags retrieved from /opt/airflow/dags/custom_operators.py
[2023-11-26T14:50:41.833+0000] {processor.py:179} INFO - Processing /opt/airflow/dags/custom_operators.py took 0.426 seconds
[2023-11-26T14:51:12.153+0000] {processor.py:157} INFO - Started process (PID=504) to work on /opt/airflow/dags/custom_operators.py
[2023-11-26T14:51:12.154+0000] {processor.py:829} INFO - Processing file /opt/airflow/dags/custom_operators.py for tasks to queue
[2023-11-26T14:51:12.155+0000] {logging_mixin.py:151} INFO - [2023-11-26T14:51:12.155+0000] {dagbag.py:539} INFO - Filling up the DagBag from /opt/airflow/dags/custom_operators.py
[2023-11-26T14:51:12.381+0000] {logging_mixin.py:151} WARNING - /home/airflow/.local/lib/python3.8/site-packages/airflow/models/dagbag.py:343 RemovedInAirflow3Warning: This decorator is deprecated.

In previous versions, all subclasses of BaseOperator must use apply_default decorator for the `default_args` feature to work properly.

In current version, it is optional. The decorator is applied automatically using the metaclass.
[2023-11-26T14:51:12.382+0000] {processor.py:841} WARNING - No viable dags retrieved from /opt/airflow/dags/custom_operators.py
[2023-11-26T14:51:12.394+0000] {processor.py:179} INFO - Processing /opt/airflow/dags/custom_operators.py took 0.245 seconds
[2023-11-26T14:51:42.716+0000] {processor.py:157} INFO - Started process (PID=522) to work on /opt/airflow/dags/custom_operators.py
[2023-11-26T14:51:42.717+0000] {processor.py:829} INFO - Processing file /opt/airflow/dags/custom_operators.py for tasks to queue
[2023-11-26T14:51:42.718+0000] {logging_mixin.py:151} INFO - [2023-11-26T14:51:42.718+0000] {dagbag.py:539} INFO - Filling up the DagBag from /opt/airflow/dags/custom_operators.py
[2023-11-26T14:51:42.901+0000] {logging_mixin.py:151} WARNING - /home/airflow/.local/lib/python3.8/site-packages/airflow/models/dagbag.py:343 RemovedInAirflow3Warning: This decorator is deprecated.

In previous versions, all subclasses of BaseOperator must use apply_default decorator for the `default_args` feature to work properly.

In current version, it is optional. The decorator is applied automatically using the metaclass.
[2023-11-26T14:51:42.901+0000] {processor.py:841} WARNING - No viable dags retrieved from /opt/airflow/dags/custom_operators.py
[2023-11-26T14:51:42.911+0000] {processor.py:179} INFO - Processing /opt/airflow/dags/custom_operators.py took 0.198 seconds
[2023-11-26T14:52:13.288+0000] {processor.py:157} INFO - Started process (PID=540) to work on /opt/airflow/dags/custom_operators.py
[2023-11-26T14:52:13.292+0000] {processor.py:829} INFO - Processing file /opt/airflow/dags/custom_operators.py for tasks to queue
[2023-11-26T14:52:13.294+0000] {logging_mixin.py:151} INFO - [2023-11-26T14:52:13.293+0000] {dagbag.py:539} INFO - Filling up the DagBag from /opt/airflow/dags/custom_operators.py
[2023-11-26T14:52:13.492+0000] {logging_mixin.py:151} WARNING - /home/airflow/.local/lib/python3.8/site-packages/airflow/models/dagbag.py:343 RemovedInAirflow3Warning: This decorator is deprecated.

In previous versions, all subclasses of BaseOperator must use apply_default decorator for the `default_args` feature to work properly.

In current version, it is optional. The decorator is applied automatically using the metaclass.
[2023-11-26T14:52:13.492+0000] {processor.py:841} WARNING - No viable dags retrieved from /opt/airflow/dags/custom_operators.py
[2023-11-26T14:52:13.503+0000] {processor.py:179} INFO - Processing /opt/airflow/dags/custom_operators.py took 0.220 seconds
[2023-11-26T14:52:43.834+0000] {processor.py:157} INFO - Started process (PID=558) to work on /opt/airflow/dags/custom_operators.py
[2023-11-26T14:52:43.836+0000] {processor.py:829} INFO - Processing file /opt/airflow/dags/custom_operators.py for tasks to queue
[2023-11-26T14:52:43.837+0000] {logging_mixin.py:151} INFO - [2023-11-26T14:52:43.836+0000] {dagbag.py:539} INFO - Filling up the DagBag from /opt/airflow/dags/custom_operators.py
[2023-11-26T14:52:44.085+0000] {logging_mixin.py:151} WARNING - /home/airflow/.local/lib/python3.8/site-packages/airflow/models/dagbag.py:343 RemovedInAirflow3Warning: This decorator is deprecated.

In previous versions, all subclasses of BaseOperator must use apply_default decorator for the `default_args` feature to work properly.

In current version, it is optional. The decorator is applied automatically using the metaclass.
[2023-11-26T14:52:44.086+0000] {processor.py:841} WARNING - No viable dags retrieved from /opt/airflow/dags/custom_operators.py
[2023-11-26T14:52:44.098+0000] {processor.py:179} INFO - Processing /opt/airflow/dags/custom_operators.py took 0.269 seconds
[2023-11-26T14:53:14.418+0000] {processor.py:157} INFO - Started process (PID=577) to work on /opt/airflow/dags/custom_operators.py
[2023-11-26T14:53:14.422+0000] {processor.py:829} INFO - Processing file /opt/airflow/dags/custom_operators.py for tasks to queue
[2023-11-26T14:53:14.423+0000] {logging_mixin.py:151} INFO - [2023-11-26T14:53:14.423+0000] {dagbag.py:539} INFO - Filling up the DagBag from /opt/airflow/dags/custom_operators.py
[2023-11-26T14:53:14.619+0000] {logging_mixin.py:151} WARNING - /home/airflow/.local/lib/python3.8/site-packages/airflow/models/dagbag.py:343 RemovedInAirflow3Warning: This decorator is deprecated.

In previous versions, all subclasses of BaseOperator must use apply_default decorator for the `default_args` feature to work properly.

In current version, it is optional. The decorator is applied automatically using the metaclass.
[2023-11-26T14:53:14.619+0000] {processor.py:841} WARNING - No viable dags retrieved from /opt/airflow/dags/custom_operators.py
[2023-11-26T14:53:14.629+0000] {processor.py:179} INFO - Processing /opt/airflow/dags/custom_operators.py took 0.215 seconds
[2023-11-26T14:53:44.979+0000] {processor.py:157} INFO - Started process (PID=596) to work on /opt/airflow/dags/custom_operators.py
[2023-11-26T14:53:44.982+0000] {processor.py:829} INFO - Processing file /opt/airflow/dags/custom_operators.py for tasks to queue
[2023-11-26T14:53:44.984+0000] {logging_mixin.py:151} INFO - [2023-11-26T14:53:44.984+0000] {dagbag.py:539} INFO - Filling up the DagBag from /opt/airflow/dags/custom_operators.py
[2023-11-26T14:53:45.226+0000] {logging_mixin.py:151} WARNING - /home/airflow/.local/lib/python3.8/site-packages/airflow/models/dagbag.py:343 RemovedInAirflow3Warning: This decorator is deprecated.

In previous versions, all subclasses of BaseOperator must use apply_default decorator for the `default_args` feature to work properly.

In current version, it is optional. The decorator is applied automatically using the metaclass.
[2023-11-26T14:53:45.227+0000] {processor.py:841} WARNING - No viable dags retrieved from /opt/airflow/dags/custom_operators.py
[2023-11-26T14:53:45.250+0000] {processor.py:179} INFO - Processing /opt/airflow/dags/custom_operators.py took 0.278 seconds
[2023-11-26T14:54:15.558+0000] {processor.py:157} INFO - Started process (PID=615) to work on /opt/airflow/dags/custom_operators.py
[2023-11-26T14:54:15.559+0000] {processor.py:829} INFO - Processing file /opt/airflow/dags/custom_operators.py for tasks to queue
[2023-11-26T14:54:15.559+0000] {logging_mixin.py:151} INFO - [2023-11-26T14:54:15.559+0000] {dagbag.py:539} INFO - Filling up the DagBag from /opt/airflow/dags/custom_operators.py
[2023-11-26T14:54:15.768+0000] {logging_mixin.py:151} WARNING - /home/airflow/.local/lib/python3.8/site-packages/airflow/models/dagbag.py:343 RemovedInAirflow3Warning: This decorator is deprecated.

In previous versions, all subclasses of BaseOperator must use apply_default decorator for the `default_args` feature to work properly.

In current version, it is optional. The decorator is applied automatically using the metaclass.
[2023-11-26T14:54:15.769+0000] {processor.py:841} WARNING - No viable dags retrieved from /opt/airflow/dags/custom_operators.py
[2023-11-26T14:54:15.783+0000] {processor.py:179} INFO - Processing /opt/airflow/dags/custom_operators.py took 0.228 seconds
[2023-11-26T14:54:46.100+0000] {processor.py:157} INFO - Started process (PID=633) to work on /opt/airflow/dags/custom_operators.py
[2023-11-26T14:54:46.102+0000] {processor.py:829} INFO - Processing file /opt/airflow/dags/custom_operators.py for tasks to queue
[2023-11-26T14:54:46.104+0000] {logging_mixin.py:151} INFO - [2023-11-26T14:54:46.103+0000] {dagbag.py:539} INFO - Filling up the DagBag from /opt/airflow/dags/custom_operators.py
[2023-11-26T14:54:46.332+0000] {logging_mixin.py:151} WARNING - /home/airflow/.local/lib/python3.8/site-packages/airflow/models/dagbag.py:343 RemovedInAirflow3Warning: This decorator is deprecated.

In previous versions, all subclasses of BaseOperator must use apply_default decorator for the `default_args` feature to work properly.

In current version, it is optional. The decorator is applied automatically using the metaclass.
[2023-11-26T14:54:46.332+0000] {processor.py:841} WARNING - No viable dags retrieved from /opt/airflow/dags/custom_operators.py
[2023-11-26T14:54:46.343+0000] {processor.py:179} INFO - Processing /opt/airflow/dags/custom_operators.py took 0.249 seconds
[2023-11-26T14:55:16.693+0000] {processor.py:157} INFO - Started process (PID=652) to work on /opt/airflow/dags/custom_operators.py
[2023-11-26T14:55:16.696+0000] {processor.py:829} INFO - Processing file /opt/airflow/dags/custom_operators.py for tasks to queue
[2023-11-26T14:55:16.698+0000] {logging_mixin.py:151} INFO - [2023-11-26T14:55:16.698+0000] {dagbag.py:539} INFO - Filling up the DagBag from /opt/airflow/dags/custom_operators.py
[2023-11-26T14:55:16.925+0000] {logging_mixin.py:151} WARNING - /home/airflow/.local/lib/python3.8/site-packages/airflow/models/dagbag.py:343 RemovedInAirflow3Warning: This decorator is deprecated.

In previous versions, all subclasses of BaseOperator must use apply_default decorator for the `default_args` feature to work properly.

In current version, it is optional. The decorator is applied automatically using the metaclass.
[2023-11-26T14:55:16.926+0000] {processor.py:841} WARNING - No viable dags retrieved from /opt/airflow/dags/custom_operators.py
[2023-11-26T14:55:16.938+0000] {processor.py:179} INFO - Processing /opt/airflow/dags/custom_operators.py took 0.250 seconds
[2023-11-26T14:55:47.274+0000] {processor.py:157} INFO - Started process (PID=670) to work on /opt/airflow/dags/custom_operators.py
[2023-11-26T14:55:47.276+0000] {processor.py:829} INFO - Processing file /opt/airflow/dags/custom_operators.py for tasks to queue
[2023-11-26T14:55:47.277+0000] {logging_mixin.py:151} INFO - [2023-11-26T14:55:47.277+0000] {dagbag.py:539} INFO - Filling up the DagBag from /opt/airflow/dags/custom_operators.py
[2023-11-26T14:55:47.499+0000] {logging_mixin.py:151} WARNING - /home/airflow/.local/lib/python3.8/site-packages/airflow/models/dagbag.py:343 RemovedInAirflow3Warning: This decorator is deprecated.

In previous versions, all subclasses of BaseOperator must use apply_default decorator for the `default_args` feature to work properly.

In current version, it is optional. The decorator is applied automatically using the metaclass.
[2023-11-26T14:55:47.499+0000] {processor.py:841} WARNING - No viable dags retrieved from /opt/airflow/dags/custom_operators.py
[2023-11-26T14:55:47.510+0000] {processor.py:179} INFO - Processing /opt/airflow/dags/custom_operators.py took 0.242 seconds
[2023-11-26T14:56:17.867+0000] {processor.py:157} INFO - Started process (PID=689) to work on /opt/airflow/dags/custom_operators.py
[2023-11-26T14:56:17.869+0000] {processor.py:829} INFO - Processing file /opt/airflow/dags/custom_operators.py for tasks to queue
[2023-11-26T14:56:17.870+0000] {logging_mixin.py:151} INFO - [2023-11-26T14:56:17.869+0000] {dagbag.py:539} INFO - Filling up the DagBag from /opt/airflow/dags/custom_operators.py
[2023-11-26T14:56:18.103+0000] {logging_mixin.py:151} WARNING - /home/airflow/.local/lib/python3.8/site-packages/airflow/models/dagbag.py:343 RemovedInAirflow3Warning: This decorator is deprecated.

In previous versions, all subclasses of BaseOperator must use apply_default decorator for the `default_args` feature to work properly.

In current version, it is optional. The decorator is applied automatically using the metaclass.
[2023-11-26T14:56:18.104+0000] {processor.py:841} WARNING - No viable dags retrieved from /opt/airflow/dags/custom_operators.py
[2023-11-26T14:56:18.118+0000] {processor.py:179} INFO - Processing /opt/airflow/dags/custom_operators.py took 0.257 seconds
[2023-11-26T14:56:48.465+0000] {processor.py:157} INFO - Started process (PID=708) to work on /opt/airflow/dags/custom_operators.py
[2023-11-26T14:56:48.467+0000] {processor.py:829} INFO - Processing file /opt/airflow/dags/custom_operators.py for tasks to queue
[2023-11-26T14:56:48.469+0000] {logging_mixin.py:151} INFO - [2023-11-26T14:56:48.469+0000] {dagbag.py:539} INFO - Filling up the DagBag from /opt/airflow/dags/custom_operators.py
[2023-11-26T14:56:48.713+0000] {logging_mixin.py:151} WARNING - /home/airflow/.local/lib/python3.8/site-packages/airflow/models/dagbag.py:343 RemovedInAirflow3Warning: This decorator is deprecated.

In previous versions, all subclasses of BaseOperator must use apply_default decorator for the `default_args` feature to work properly.

In current version, it is optional. The decorator is applied automatically using the metaclass.
[2023-11-26T14:56:48.713+0000] {processor.py:841} WARNING - No viable dags retrieved from /opt/airflow/dags/custom_operators.py
[2023-11-26T14:56:48.726+0000] {processor.py:179} INFO - Processing /opt/airflow/dags/custom_operators.py took 0.268 seconds
[2023-11-26T14:57:19.044+0000] {processor.py:157} INFO - Started process (PID=727) to work on /opt/airflow/dags/custom_operators.py
[2023-11-26T14:57:19.047+0000] {processor.py:829} INFO - Processing file /opt/airflow/dags/custom_operators.py for tasks to queue
[2023-11-26T14:57:19.050+0000] {logging_mixin.py:151} INFO - [2023-11-26T14:57:19.049+0000] {dagbag.py:539} INFO - Filling up the DagBag from /opt/airflow/dags/custom_operators.py
[2023-11-26T14:57:19.242+0000] {logging_mixin.py:151} WARNING - /home/airflow/.local/lib/python3.8/site-packages/airflow/models/dagbag.py:343 RemovedInAirflow3Warning: This decorator is deprecated.

In previous versions, all subclasses of BaseOperator must use apply_default decorator for the `default_args` feature to work properly.

In current version, it is optional. The decorator is applied automatically using the metaclass.
[2023-11-26T14:57:19.243+0000] {processor.py:841} WARNING - No viable dags retrieved from /opt/airflow/dags/custom_operators.py
[2023-11-26T14:57:19.252+0000] {processor.py:179} INFO - Processing /opt/airflow/dags/custom_operators.py took 0.212 seconds
[2023-11-26T14:57:49.562+0000] {processor.py:157} INFO - Started process (PID=746) to work on /opt/airflow/dags/custom_operators.py
[2023-11-26T14:57:49.563+0000] {processor.py:829} INFO - Processing file /opt/airflow/dags/custom_operators.py for tasks to queue
[2023-11-26T14:57:49.565+0000] {logging_mixin.py:151} INFO - [2023-11-26T14:57:49.564+0000] {dagbag.py:539} INFO - Filling up the DagBag from /opt/airflow/dags/custom_operators.py
[2023-11-26T14:57:49.757+0000] {logging_mixin.py:151} WARNING - /home/airflow/.local/lib/python3.8/site-packages/airflow/models/dagbag.py:343 RemovedInAirflow3Warning: This decorator is deprecated.

In previous versions, all subclasses of BaseOperator must use apply_default decorator for the `default_args` feature to work properly.

In current version, it is optional. The decorator is applied automatically using the metaclass.
[2023-11-26T14:57:49.757+0000] {processor.py:841} WARNING - No viable dags retrieved from /opt/airflow/dags/custom_operators.py
[2023-11-26T14:57:49.766+0000] {processor.py:179} INFO - Processing /opt/airflow/dags/custom_operators.py took 0.211 seconds
[2023-11-26T14:58:20.143+0000] {processor.py:157} INFO - Started process (PID=765) to work on /opt/airflow/dags/custom_operators.py
[2023-11-26T14:58:20.146+0000] {processor.py:829} INFO - Processing file /opt/airflow/dags/custom_operators.py for tasks to queue
[2023-11-26T14:58:20.148+0000] {logging_mixin.py:151} INFO - [2023-11-26T14:58:20.148+0000] {dagbag.py:539} INFO - Filling up the DagBag from /opt/airflow/dags/custom_operators.py
[2023-11-26T14:58:20.336+0000] {logging_mixin.py:151} WARNING - /home/airflow/.local/lib/python3.8/site-packages/airflow/models/dagbag.py:343 RemovedInAirflow3Warning: This decorator is deprecated.

In previous versions, all subclasses of BaseOperator must use apply_default decorator for the `default_args` feature to work properly.

In current version, it is optional. The decorator is applied automatically using the metaclass.
[2023-11-26T14:58:20.337+0000] {processor.py:841} WARNING - No viable dags retrieved from /opt/airflow/dags/custom_operators.py
[2023-11-26T14:58:20.346+0000] {processor.py:179} INFO - Processing /opt/airflow/dags/custom_operators.py took 0.208 seconds
[2023-11-26T14:58:50.703+0000] {processor.py:157} INFO - Started process (PID=784) to work on /opt/airflow/dags/custom_operators.py
[2023-11-26T14:58:50.706+0000] {processor.py:829} INFO - Processing file /opt/airflow/dags/custom_operators.py for tasks to queue
[2023-11-26T14:58:50.707+0000] {logging_mixin.py:151} INFO - [2023-11-26T14:58:50.706+0000] {dagbag.py:539} INFO - Filling up the DagBag from /opt/airflow/dags/custom_operators.py
[2023-11-26T14:58:50.902+0000] {logging_mixin.py:151} WARNING - /home/airflow/.local/lib/python3.8/site-packages/airflow/models/dagbag.py:343 RemovedInAirflow3Warning: This decorator is deprecated.

In previous versions, all subclasses of BaseOperator must use apply_default decorator for the `default_args` feature to work properly.

In current version, it is optional. The decorator is applied automatically using the metaclass.
[2023-11-26T14:58:50.903+0000] {processor.py:841} WARNING - No viable dags retrieved from /opt/airflow/dags/custom_operators.py
[2023-11-26T14:58:50.913+0000] {processor.py:179} INFO - Processing /opt/airflow/dags/custom_operators.py took 0.215 seconds
[2023-11-26T14:59:21.277+0000] {processor.py:157} INFO - Started process (PID=803) to work on /opt/airflow/dags/custom_operators.py
[2023-11-26T14:59:21.281+0000] {processor.py:829} INFO - Processing file /opt/airflow/dags/custom_operators.py for tasks to queue
[2023-11-26T14:59:21.282+0000] {logging_mixin.py:151} INFO - [2023-11-26T14:59:21.282+0000] {dagbag.py:539} INFO - Filling up the DagBag from /opt/airflow/dags/custom_operators.py
[2023-11-26T14:59:21.477+0000] {logging_mixin.py:151} WARNING - /home/airflow/.local/lib/python3.8/site-packages/airflow/models/dagbag.py:343 RemovedInAirflow3Warning: This decorator is deprecated.

In previous versions, all subclasses of BaseOperator must use apply_default decorator for the `default_args` feature to work properly.

In current version, it is optional. The decorator is applied automatically using the metaclass.
[2023-11-26T14:59:21.478+0000] {processor.py:841} WARNING - No viable dags retrieved from /opt/airflow/dags/custom_operators.py
[2023-11-26T14:59:21.488+0000] {processor.py:179} INFO - Processing /opt/airflow/dags/custom_operators.py took 0.216 seconds
[2023-11-26T14:59:51.863+0000] {processor.py:157} INFO - Started process (PID=822) to work on /opt/airflow/dags/custom_operators.py
[2023-11-26T14:59:51.865+0000] {processor.py:829} INFO - Processing file /opt/airflow/dags/custom_operators.py for tasks to queue
[2023-11-26T14:59:51.866+0000] {logging_mixin.py:151} INFO - [2023-11-26T14:59:51.866+0000] {dagbag.py:539} INFO - Filling up the DagBag from /opt/airflow/dags/custom_operators.py
[2023-11-26T14:59:52.055+0000] {logging_mixin.py:151} WARNING - /home/airflow/.local/lib/python3.8/site-packages/airflow/models/dagbag.py:343 RemovedInAirflow3Warning: This decorator is deprecated.

In previous versions, all subclasses of BaseOperator must use apply_default decorator for the `default_args` feature to work properly.

In current version, it is optional. The decorator is applied automatically using the metaclass.
[2023-11-26T14:59:52.055+0000] {processor.py:841} WARNING - No viable dags retrieved from /opt/airflow/dags/custom_operators.py
[2023-11-26T14:59:52.065+0000] {processor.py:179} INFO - Processing /opt/airflow/dags/custom_operators.py took 0.207 seconds
[2023-11-26T15:00:22.404+0000] {processor.py:157} INFO - Started process (PID=848) to work on /opt/airflow/dags/custom_operators.py
[2023-11-26T15:00:22.405+0000] {processor.py:829} INFO - Processing file /opt/airflow/dags/custom_operators.py for tasks to queue
[2023-11-26T15:00:22.405+0000] {logging_mixin.py:151} INFO - [2023-11-26T15:00:22.405+0000] {dagbag.py:539} INFO - Filling up the DagBag from /opt/airflow/dags/custom_operators.py
[2023-11-26T15:00:22.608+0000] {logging_mixin.py:151} WARNING - /home/airflow/.local/lib/python3.8/site-packages/airflow/models/dagbag.py:343 RemovedInAirflow3Warning: This decorator is deprecated.

In previous versions, all subclasses of BaseOperator must use apply_default decorator for the `default_args` feature to work properly.

In current version, it is optional. The decorator is applied automatically using the metaclass.
[2023-11-26T15:00:22.609+0000] {processor.py:841} WARNING - No viable dags retrieved from /opt/airflow/dags/custom_operators.py
[2023-11-26T15:00:22.616+0000] {processor.py:179} INFO - Processing /opt/airflow/dags/custom_operators.py took 0.215 seconds
[2023-11-26T15:00:52.946+0000] {processor.py:157} INFO - Started process (PID=867) to work on /opt/airflow/dags/custom_operators.py
[2023-11-26T15:00:52.948+0000] {processor.py:829} INFO - Processing file /opt/airflow/dags/custom_operators.py for tasks to queue
[2023-11-26T15:00:52.950+0000] {logging_mixin.py:151} INFO - [2023-11-26T15:00:52.949+0000] {dagbag.py:539} INFO - Filling up the DagBag from /opt/airflow/dags/custom_operators.py
[2023-11-26T15:00:53.167+0000] {logging_mixin.py:151} WARNING - /home/airflow/.local/lib/python3.8/site-packages/airflow/models/dagbag.py:343 RemovedInAirflow3Warning: This decorator is deprecated.

In previous versions, all subclasses of BaseOperator must use apply_default decorator for the `default_args` feature to work properly.

In current version, it is optional. The decorator is applied automatically using the metaclass.
[2023-11-26T15:00:53.168+0000] {processor.py:841} WARNING - No viable dags retrieved from /opt/airflow/dags/custom_operators.py
[2023-11-26T15:00:53.178+0000] {processor.py:179} INFO - Processing /opt/airflow/dags/custom_operators.py took 0.237 seconds
[2023-11-26T15:01:23.525+0000] {processor.py:157} INFO - Started process (PID=885) to work on /opt/airflow/dags/custom_operators.py
[2023-11-26T15:01:23.526+0000] {processor.py:829} INFO - Processing file /opt/airflow/dags/custom_operators.py for tasks to queue
[2023-11-26T15:01:23.527+0000] {logging_mixin.py:151} INFO - [2023-11-26T15:01:23.527+0000] {dagbag.py:539} INFO - Filling up the DagBag from /opt/airflow/dags/custom_operators.py
[2023-11-26T15:01:23.756+0000] {logging_mixin.py:151} WARNING - /home/airflow/.local/lib/python3.8/site-packages/airflow/models/dagbag.py:343 RemovedInAirflow3Warning: This decorator is deprecated.

In previous versions, all subclasses of BaseOperator must use apply_default decorator for the `default_args` feature to work properly.

In current version, it is optional. The decorator is applied automatically using the metaclass.
[2023-11-26T15:01:23.756+0000] {processor.py:841} WARNING - No viable dags retrieved from /opt/airflow/dags/custom_operators.py
[2023-11-26T15:01:23.773+0000] {processor.py:179} INFO - Processing /opt/airflow/dags/custom_operators.py took 0.255 seconds
[2023-11-26T15:01:54.124+0000] {processor.py:157} INFO - Started process (PID=904) to work on /opt/airflow/dags/custom_operators.py
[2023-11-26T15:01:54.125+0000] {processor.py:829} INFO - Processing file /opt/airflow/dags/custom_operators.py for tasks to queue
[2023-11-26T15:01:54.126+0000] {logging_mixin.py:151} INFO - [2023-11-26T15:01:54.126+0000] {dagbag.py:539} INFO - Filling up the DagBag from /opt/airflow/dags/custom_operators.py
[2023-11-26T15:01:54.312+0000] {logging_mixin.py:151} WARNING - /home/airflow/.local/lib/python3.8/site-packages/airflow/models/dagbag.py:343 RemovedInAirflow3Warning: This decorator is deprecated.

In previous versions, all subclasses of BaseOperator must use apply_default decorator for the `default_args` feature to work properly.

In current version, it is optional. The decorator is applied automatically using the metaclass.
[2023-11-26T15:01:54.313+0000] {processor.py:841} WARNING - No viable dags retrieved from /opt/airflow/dags/custom_operators.py
[2023-11-26T15:01:54.323+0000] {processor.py:179} INFO - Processing /opt/airflow/dags/custom_operators.py took 0.203 seconds
[2023-11-26T15:02:24.681+0000] {processor.py:157} INFO - Started process (PID=923) to work on /opt/airflow/dags/custom_operators.py
[2023-11-26T15:02:24.682+0000] {processor.py:829} INFO - Processing file /opt/airflow/dags/custom_operators.py for tasks to queue
[2023-11-26T15:02:24.684+0000] {logging_mixin.py:151} INFO - [2023-11-26T15:02:24.683+0000] {dagbag.py:539} INFO - Filling up the DagBag from /opt/airflow/dags/custom_operators.py
[2023-11-26T15:02:24.932+0000] {logging_mixin.py:151} WARNING - /home/airflow/.local/lib/python3.8/site-packages/airflow/models/dagbag.py:343 RemovedInAirflow3Warning: This decorator is deprecated.

In previous versions, all subclasses of BaseOperator must use apply_default decorator for the `default_args` feature to work properly.

In current version, it is optional. The decorator is applied automatically using the metaclass.
[2023-11-26T15:02:24.932+0000] {processor.py:841} WARNING - No viable dags retrieved from /opt/airflow/dags/custom_operators.py
[2023-11-26T15:02:24.944+0000] {processor.py:179} INFO - Processing /opt/airflow/dags/custom_operators.py took 0.267 seconds
[2023-11-26T15:02:55.275+0000] {processor.py:157} INFO - Started process (PID=942) to work on /opt/airflow/dags/custom_operators.py
[2023-11-26T15:02:55.277+0000] {processor.py:829} INFO - Processing file /opt/airflow/dags/custom_operators.py for tasks to queue
[2023-11-26T15:02:55.278+0000] {logging_mixin.py:151} INFO - [2023-11-26T15:02:55.278+0000] {dagbag.py:539} INFO - Filling up the DagBag from /opt/airflow/dags/custom_operators.py
[2023-11-26T15:02:55.473+0000] {logging_mixin.py:151} WARNING - /home/airflow/.local/lib/python3.8/site-packages/airflow/models/dagbag.py:343 RemovedInAirflow3Warning: This decorator is deprecated.

In previous versions, all subclasses of BaseOperator must use apply_default decorator for the `default_args` feature to work properly.

In current version, it is optional. The decorator is applied automatically using the metaclass.
[2023-11-26T15:02:55.474+0000] {processor.py:841} WARNING - No viable dags retrieved from /opt/airflow/dags/custom_operators.py
[2023-11-26T15:02:55.483+0000] {processor.py:179} INFO - Processing /opt/airflow/dags/custom_operators.py took 0.213 seconds
[2023-11-26T15:03:25.860+0000] {processor.py:157} INFO - Started process (PID=961) to work on /opt/airflow/dags/custom_operators.py
[2023-11-26T15:03:25.862+0000] {processor.py:829} INFO - Processing file /opt/airflow/dags/custom_operators.py for tasks to queue
[2023-11-26T15:03:25.863+0000] {logging_mixin.py:151} INFO - [2023-11-26T15:03:25.863+0000] {dagbag.py:539} INFO - Filling up the DagBag from /opt/airflow/dags/custom_operators.py
[2023-11-26T15:03:26.056+0000] {logging_mixin.py:151} WARNING - /home/airflow/.local/lib/python3.8/site-packages/airflow/models/dagbag.py:343 RemovedInAirflow3Warning: This decorator is deprecated.

In previous versions, all subclasses of BaseOperator must use apply_default decorator for the `default_args` feature to work properly.

In current version, it is optional. The decorator is applied automatically using the metaclass.
[2023-11-26T15:03:26.057+0000] {processor.py:841} WARNING - No viable dags retrieved from /opt/airflow/dags/custom_operators.py
[2023-11-26T15:03:26.066+0000] {processor.py:179} INFO - Processing /opt/airflow/dags/custom_operators.py took 0.210 seconds
[2023-11-26T15:03:56.404+0000] {processor.py:157} INFO - Started process (PID=980) to work on /opt/airflow/dags/custom_operators.py
[2023-11-26T15:03:56.406+0000] {processor.py:829} INFO - Processing file /opt/airflow/dags/custom_operators.py for tasks to queue
[2023-11-26T15:03:56.407+0000] {logging_mixin.py:151} INFO - [2023-11-26T15:03:56.407+0000] {dagbag.py:539} INFO - Filling up the DagBag from /opt/airflow/dags/custom_operators.py
[2023-11-26T15:03:56.595+0000] {logging_mixin.py:151} WARNING - /home/airflow/.local/lib/python3.8/site-packages/airflow/models/dagbag.py:343 RemovedInAirflow3Warning: This decorator is deprecated.

In previous versions, all subclasses of BaseOperator must use apply_default decorator for the `default_args` feature to work properly.

In current version, it is optional. The decorator is applied automatically using the metaclass.
[2023-11-26T15:03:56.596+0000] {processor.py:841} WARNING - No viable dags retrieved from /opt/airflow/dags/custom_operators.py
[2023-11-26T15:03:56.605+0000] {processor.py:179} INFO - Processing /opt/airflow/dags/custom_operators.py took 0.206 seconds
[2023-11-26T15:04:26.954+0000] {processor.py:157} INFO - Started process (PID=1000) to work on /opt/airflow/dags/custom_operators.py
[2023-11-26T15:04:26.955+0000] {processor.py:829} INFO - Processing file /opt/airflow/dags/custom_operators.py for tasks to queue
[2023-11-26T15:04:26.957+0000] {logging_mixin.py:151} INFO - [2023-11-26T15:04:26.956+0000] {dagbag.py:539} INFO - Filling up the DagBag from /opt/airflow/dags/custom_operators.py
[2023-11-26T15:04:27.221+0000] {logging_mixin.py:151} WARNING - /home/airflow/.local/lib/python3.8/site-packages/airflow/models/dagbag.py:343 RemovedInAirflow3Warning: This decorator is deprecated.

In previous versions, all subclasses of BaseOperator must use apply_default decorator for the `default_args` feature to work properly.

In current version, it is optional. The decorator is applied automatically using the metaclass.
[2023-11-26T15:04:27.222+0000] {processor.py:841} WARNING - No viable dags retrieved from /opt/airflow/dags/custom_operators.py
[2023-11-26T15:04:27.239+0000] {processor.py:179} INFO - Processing /opt/airflow/dags/custom_operators.py took 0.290 seconds
[2023-11-26T15:04:57.585+0000] {processor.py:157} INFO - Started process (PID=1019) to work on /opt/airflow/dags/custom_operators.py
[2023-11-26T15:04:57.586+0000] {processor.py:829} INFO - Processing file /opt/airflow/dags/custom_operators.py for tasks to queue
[2023-11-26T15:04:57.587+0000] {logging_mixin.py:151} INFO - [2023-11-26T15:04:57.587+0000] {dagbag.py:539} INFO - Filling up the DagBag from /opt/airflow/dags/custom_operators.py
[2023-11-26T15:04:57.803+0000] {logging_mixin.py:151} WARNING - /home/airflow/.local/lib/python3.8/site-packages/airflow/models/dagbag.py:343 RemovedInAirflow3Warning: This decorator is deprecated.

In previous versions, all subclasses of BaseOperator must use apply_default decorator for the `default_args` feature to work properly.

In current version, it is optional. The decorator is applied automatically using the metaclass.
[2023-11-26T15:04:57.803+0000] {processor.py:841} WARNING - No viable dags retrieved from /opt/airflow/dags/custom_operators.py
[2023-11-26T15:04:57.813+0000] {processor.py:179} INFO - Processing /opt/airflow/dags/custom_operators.py took 0.232 seconds
[2023-11-26T15:05:28.137+0000] {processor.py:157} INFO - Started process (PID=1040) to work on /opt/airflow/dags/custom_operators.py
[2023-11-26T15:05:28.138+0000] {processor.py:829} INFO - Processing file /opt/airflow/dags/custom_operators.py for tasks to queue
[2023-11-26T15:05:28.140+0000] {logging_mixin.py:151} INFO - [2023-11-26T15:05:28.140+0000] {dagbag.py:539} INFO - Filling up the DagBag from /opt/airflow/dags/custom_operators.py
[2023-11-26T15:05:28.667+0000] {logging_mixin.py:151} WARNING - /home/airflow/.local/lib/python3.8/site-packages/airflow/models/dagbag.py:343 RemovedInAirflow3Warning: This decorator is deprecated.

In previous versions, all subclasses of BaseOperator must use apply_default decorator for the `default_args` feature to work properly.

In current version, it is optional. The decorator is applied automatically using the metaclass.
[2023-11-26T15:05:28.670+0000] {processor.py:841} WARNING - No viable dags retrieved from /opt/airflow/dags/custom_operators.py
[2023-11-26T15:05:28.704+0000] {processor.py:179} INFO - Processing /opt/airflow/dags/custom_operators.py took 0.571 seconds
[2023-11-26T15:05:59.091+0000] {processor.py:157} INFO - Started process (PID=1063) to work on /opt/airflow/dags/custom_operators.py
[2023-11-26T15:05:59.094+0000] {processor.py:829} INFO - Processing file /opt/airflow/dags/custom_operators.py for tasks to queue
[2023-11-26T15:05:59.096+0000] {logging_mixin.py:151} INFO - [2023-11-26T15:05:59.096+0000] {dagbag.py:539} INFO - Filling up the DagBag from /opt/airflow/dags/custom_operators.py
[2023-11-26T15:05:59.332+0000] {logging_mixin.py:151} WARNING - /home/airflow/.local/lib/python3.8/site-packages/airflow/models/dagbag.py:343 RemovedInAirflow3Warning: This decorator is deprecated.

In previous versions, all subclasses of BaseOperator must use apply_default decorator for the `default_args` feature to work properly.

In current version, it is optional. The decorator is applied automatically using the metaclass.
[2023-11-26T15:05:59.332+0000] {processor.py:841} WARNING - No viable dags retrieved from /opt/airflow/dags/custom_operators.py
[2023-11-26T15:05:59.343+0000] {processor.py:179} INFO - Processing /opt/airflow/dags/custom_operators.py took 0.257 seconds
[2023-11-26T15:06:21.601+0000] {processor.py:157} INFO - Started process (PID=1075) to work on /opt/airflow/dags/custom_operators.py
[2023-11-26T15:06:21.602+0000] {processor.py:829} INFO - Processing file /opt/airflow/dags/custom_operators.py for tasks to queue
[2023-11-26T15:06:21.602+0000] {logging_mixin.py:151} INFO - [2023-11-26T15:06:21.602+0000] {dagbag.py:539} INFO - Filling up the DagBag from /opt/airflow/dags/custom_operators.py
[2023-11-26T15:06:21.800+0000] {logging_mixin.py:151} WARNING - /home/airflow/.local/lib/python3.8/site-packages/airflow/models/dagbag.py:343 RemovedInAirflow3Warning: This decorator is deprecated.

In previous versions, all subclasses of BaseOperator must use apply_default decorator for the `default_args` feature to work properly.

In current version, it is optional. The decorator is applied automatically using the metaclass.
[2023-11-26T15:06:21.800+0000] {processor.py:841} WARNING - No viable dags retrieved from /opt/airflow/dags/custom_operators.py
[2023-11-26T15:06:21.809+0000] {processor.py:179} INFO - Processing /opt/airflow/dags/custom_operators.py took 0.210 seconds
[2023-11-26T15:06:27.680+0000] {processor.py:157} INFO - Started process (PID=1088) to work on /opt/airflow/dags/custom_operators.py
[2023-11-26T15:06:27.681+0000] {processor.py:829} INFO - Processing file /opt/airflow/dags/custom_operators.py for tasks to queue
[2023-11-26T15:06:27.682+0000] {logging_mixin.py:151} INFO - [2023-11-26T15:06:27.682+0000] {dagbag.py:539} INFO - Filling up the DagBag from /opt/airflow/dags/custom_operators.py
[2023-11-26T15:06:27.911+0000] {logging_mixin.py:151} WARNING - /home/airflow/.local/lib/python3.8/site-packages/airflow/models/dagbag.py:343 RemovedInAirflow3Warning: This decorator is deprecated.

In previous versions, all subclasses of BaseOperator must use apply_default decorator for the `default_args` feature to work properly.

In current version, it is optional. The decorator is applied automatically using the metaclass.
[2023-11-26T15:06:27.912+0000] {processor.py:841} WARNING - No viable dags retrieved from /opt/airflow/dags/custom_operators.py
[2023-11-26T15:06:27.923+0000] {processor.py:179} INFO - Processing /opt/airflow/dags/custom_operators.py took 0.248 seconds
[2023-11-26T15:06:58.256+0000] {processor.py:157} INFO - Started process (PID=1107) to work on /opt/airflow/dags/custom_operators.py
[2023-11-26T15:06:58.257+0000] {processor.py:829} INFO - Processing file /opt/airflow/dags/custom_operators.py for tasks to queue
[2023-11-26T15:06:58.258+0000] {logging_mixin.py:151} INFO - [2023-11-26T15:06:58.258+0000] {dagbag.py:539} INFO - Filling up the DagBag from /opt/airflow/dags/custom_operators.py
[2023-11-26T15:06:58.457+0000] {logging_mixin.py:151} WARNING - /home/airflow/.local/lib/python3.8/site-packages/airflow/models/dagbag.py:343 RemovedInAirflow3Warning: This decorator is deprecated.

In previous versions, all subclasses of BaseOperator must use apply_default decorator for the `default_args` feature to work properly.

In current version, it is optional. The decorator is applied automatically using the metaclass.
[2023-11-26T15:06:58.458+0000] {processor.py:841} WARNING - No viable dags retrieved from /opt/airflow/dags/custom_operators.py
[2023-11-26T15:06:58.467+0000] {processor.py:179} INFO - Processing /opt/airflow/dags/custom_operators.py took 0.216 seconds
[2023-11-26T15:07:06.617+0000] {processor.py:157} INFO - Started process (PID=1119) to work on /opt/airflow/dags/custom_operators.py
[2023-11-26T15:07:06.619+0000] {processor.py:829} INFO - Processing file /opt/airflow/dags/custom_operators.py for tasks to queue
[2023-11-26T15:07:06.620+0000] {logging_mixin.py:151} INFO - [2023-11-26T15:07:06.619+0000] {dagbag.py:539} INFO - Filling up the DagBag from /opt/airflow/dags/custom_operators.py
[2023-11-26T15:07:06.622+0000] {logging_mixin.py:151} INFO - [2023-11-26T15:07:06.622+0000] {dagbag.py:324} INFO - File /opt/airflow/dags/custom_operators.py assumed to contain no DAGs. Skipping.
[2023-11-26T15:07:06.622+0000] {processor.py:841} WARNING - No viable dags retrieved from /opt/airflow/dags/custom_operators.py
[2023-11-26T15:07:06.637+0000] {processor.py:179} INFO - Processing /opt/airflow/dags/custom_operators.py took 0.025 seconds
[2023-11-26T15:07:10.672+0000] {processor.py:157} INFO - Started process (PID=1124) to work on /opt/airflow/dags/custom_operators.py
[2023-11-26T15:07:10.673+0000] {processor.py:829} INFO - Processing file /opt/airflow/dags/custom_operators.py for tasks to queue
[2023-11-26T15:07:10.675+0000] {logging_mixin.py:151} INFO - [2023-11-26T15:07:10.674+0000] {dagbag.py:539} INFO - Filling up the DagBag from /opt/airflow/dags/custom_operators.py
[2023-11-26T15:07:10.678+0000] {logging_mixin.py:151} INFO - [2023-11-26T15:07:10.678+0000] {dagbag.py:324} INFO - File /opt/airflow/dags/custom_operators.py assumed to contain no DAGs. Skipping.
[2023-11-26T15:07:10.678+0000] {processor.py:841} WARNING - No viable dags retrieved from /opt/airflow/dags/custom_operators.py
[2023-11-26T15:07:10.691+0000] {processor.py:179} INFO - Processing /opt/airflow/dags/custom_operators.py took 0.025 seconds
[2023-11-26T15:07:33.265+0000] {processor.py:157} INFO - Started process (PID=1142) to work on /opt/airflow/dags/custom_operators.py
[2023-11-26T15:07:33.268+0000] {processor.py:829} INFO - Processing file /opt/airflow/dags/custom_operators.py for tasks to queue
[2023-11-26T15:07:33.269+0000] {logging_mixin.py:151} INFO - [2023-11-26T15:07:33.269+0000] {dagbag.py:539} INFO - Filling up the DagBag from /opt/airflow/dags/custom_operators.py
[2023-11-26T15:07:33.272+0000] {logging_mixin.py:151} INFO - [2023-11-26T15:07:33.272+0000] {dagbag.py:324} INFO - File /opt/airflow/dags/custom_operators.py assumed to contain no DAGs. Skipping.
[2023-11-26T15:07:33.272+0000] {processor.py:841} WARNING - No viable dags retrieved from /opt/airflow/dags/custom_operators.py
[2023-11-26T15:07:33.289+0000] {processor.py:179} INFO - Processing /opt/airflow/dags/custom_operators.py took 0.028 seconds
[2023-11-26T19:22:35.336+0000] {processor.py:157} INFO - Started process (PID=162) to work on /opt/airflow/dags/custom_operators.py
[2023-11-26T19:22:35.342+0000] {processor.py:829} INFO - Processing file /opt/airflow/dags/custom_operators.py for tasks to queue
[2023-11-26T19:22:35.343+0000] {logging_mixin.py:151} INFO - [2023-11-26T19:22:35.343+0000] {dagbag.py:539} INFO - Filling up the DagBag from /opt/airflow/dags/custom_operators.py
[2023-11-26T19:22:36.627+0000] {logging_mixin.py:151} WARNING - /home/airflow/.local/lib/python3.8/site-packages/airflow/models/dagbag.py:343 RemovedInAirflow3Warning: This decorator is deprecated.

In previous versions, all subclasses of BaseOperator must use apply_default decorator for the `default_args` feature to work properly.

In current version, it is optional. The decorator is applied automatically using the metaclass.
[2023-11-26T19:22:36.627+0000] {processor.py:841} WARNING - No viable dags retrieved from /opt/airflow/dags/custom_operators.py
[2023-11-26T19:22:36.645+0000] {processor.py:179} INFO - Processing /opt/airflow/dags/custom_operators.py took 1.312 seconds
[2023-11-26T19:23:06.962+0000] {processor.py:157} INFO - Started process (PID=181) to work on /opt/airflow/dags/custom_operators.py
[2023-11-26T19:23:06.964+0000] {processor.py:829} INFO - Processing file /opt/airflow/dags/custom_operators.py for tasks to queue
[2023-11-26T19:23:06.967+0000] {logging_mixin.py:151} INFO - [2023-11-26T19:23:06.966+0000] {dagbag.py:539} INFO - Filling up the DagBag from /opt/airflow/dags/custom_operators.py
[2023-11-26T19:23:07.280+0000] {logging_mixin.py:151} WARNING - /home/airflow/.local/lib/python3.8/site-packages/airflow/models/dagbag.py:343 RemovedInAirflow3Warning: This decorator is deprecated.

In previous versions, all subclasses of BaseOperator must use apply_default decorator for the `default_args` feature to work properly.

In current version, it is optional. The decorator is applied automatically using the metaclass.
[2023-11-26T19:23:07.281+0000] {processor.py:841} WARNING - No viable dags retrieved from /opt/airflow/dags/custom_operators.py
[2023-11-26T19:23:07.290+0000] {processor.py:179} INFO - Processing /opt/airflow/dags/custom_operators.py took 0.333 seconds
[2023-11-26T19:23:37.596+0000] {processor.py:157} INFO - Started process (PID=200) to work on /opt/airflow/dags/custom_operators.py
[2023-11-26T19:23:37.599+0000] {processor.py:829} INFO - Processing file /opt/airflow/dags/custom_operators.py for tasks to queue
[2023-11-26T19:23:37.601+0000] {logging_mixin.py:151} INFO - [2023-11-26T19:23:37.600+0000] {dagbag.py:539} INFO - Filling up the DagBag from /opt/airflow/dags/custom_operators.py
[2023-11-26T19:23:37.956+0000] {logging_mixin.py:151} WARNING - /home/airflow/.local/lib/python3.8/site-packages/airflow/models/dagbag.py:343 RemovedInAirflow3Warning: This decorator is deprecated.

In previous versions, all subclasses of BaseOperator must use apply_default decorator for the `default_args` feature to work properly.

In current version, it is optional. The decorator is applied automatically using the metaclass.
[2023-11-26T19:23:37.957+0000] {processor.py:841} WARNING - No viable dags retrieved from /opt/airflow/dags/custom_operators.py
[2023-11-26T19:23:37.965+0000] {processor.py:179} INFO - Processing /opt/airflow/dags/custom_operators.py took 0.373 seconds
[2023-11-26T19:24:08.209+0000] {processor.py:157} INFO - Started process (PID=225) to work on /opt/airflow/dags/custom_operators.py
[2023-11-26T19:24:08.210+0000] {processor.py:829} INFO - Processing file /opt/airflow/dags/custom_operators.py for tasks to queue
[2023-11-26T19:24:08.210+0000] {logging_mixin.py:151} INFO - [2023-11-26T19:24:08.210+0000] {dagbag.py:539} INFO - Filling up the DagBag from /opt/airflow/dags/custom_operators.py
[2023-11-26T19:24:08.599+0000] {logging_mixin.py:151} WARNING - /home/airflow/.local/lib/python3.8/site-packages/airflow/models/dagbag.py:343 RemovedInAirflow3Warning: This decorator is deprecated.

In previous versions, all subclasses of BaseOperator must use apply_default decorator for the `default_args` feature to work properly.

In current version, it is optional. The decorator is applied automatically using the metaclass.
[2023-11-26T19:24:08.599+0000] {processor.py:841} WARNING - No viable dags retrieved from /opt/airflow/dags/custom_operators.py
[2023-11-26T19:24:08.606+0000] {processor.py:179} INFO - Processing /opt/airflow/dags/custom_operators.py took 0.401 seconds
[2023-11-26T19:24:38.917+0000] {processor.py:157} INFO - Started process (PID=244) to work on /opt/airflow/dags/custom_operators.py
[2023-11-26T19:24:38.918+0000] {processor.py:829} INFO - Processing file /opt/airflow/dags/custom_operators.py for tasks to queue
[2023-11-26T19:24:38.919+0000] {logging_mixin.py:151} INFO - [2023-11-26T19:24:38.918+0000] {dagbag.py:539} INFO - Filling up the DagBag from /opt/airflow/dags/custom_operators.py
[2023-11-26T19:24:39.228+0000] {logging_mixin.py:151} WARNING - /home/airflow/.local/lib/python3.8/site-packages/airflow/models/dagbag.py:343 RemovedInAirflow3Warning: This decorator is deprecated.

In previous versions, all subclasses of BaseOperator must use apply_default decorator for the `default_args` feature to work properly.

In current version, it is optional. The decorator is applied automatically using the metaclass.
[2023-11-26T19:24:39.229+0000] {processor.py:841} WARNING - No viable dags retrieved from /opt/airflow/dags/custom_operators.py
[2023-11-26T19:24:39.238+0000] {processor.py:179} INFO - Processing /opt/airflow/dags/custom_operators.py took 0.324 seconds
[2023-11-26T19:25:09.577+0000] {processor.py:157} INFO - Started process (PID=263) to work on /opt/airflow/dags/custom_operators.py
[2023-11-26T19:25:09.579+0000] {processor.py:829} INFO - Processing file /opt/airflow/dags/custom_operators.py for tasks to queue
[2023-11-26T19:25:09.580+0000] {logging_mixin.py:151} INFO - [2023-11-26T19:25:09.580+0000] {dagbag.py:539} INFO - Filling up the DagBag from /opt/airflow/dags/custom_operators.py
[2023-11-26T19:25:09.882+0000] {logging_mixin.py:151} WARNING - /home/airflow/.local/lib/python3.8/site-packages/airflow/models/dagbag.py:343 RemovedInAirflow3Warning: This decorator is deprecated.

In previous versions, all subclasses of BaseOperator must use apply_default decorator for the `default_args` feature to work properly.

In current version, it is optional. The decorator is applied automatically using the metaclass.
[2023-11-26T19:25:09.883+0000] {processor.py:841} WARNING - No viable dags retrieved from /opt/airflow/dags/custom_operators.py
[2023-11-26T19:25:09.891+0000] {processor.py:179} INFO - Processing /opt/airflow/dags/custom_operators.py took 0.319 seconds
[2023-11-26T19:25:21.035+0000] {processor.py:157} INFO - Started process (PID=275) to work on /opt/airflow/dags/custom_operators.py
[2023-11-26T19:25:21.037+0000] {processor.py:829} INFO - Processing file /opt/airflow/dags/custom_operators.py for tasks to queue
[2023-11-26T19:25:21.037+0000] {logging_mixin.py:151} INFO - [2023-11-26T19:25:21.037+0000] {dagbag.py:539} INFO - Filling up the DagBag from /opt/airflow/dags/custom_operators.py
[2023-11-26T19:25:21.039+0000] {logging_mixin.py:151} INFO - [2023-11-26T19:25:21.039+0000] {dagbag.py:324} INFO - File /opt/airflow/dags/custom_operators.py assumed to contain no DAGs. Skipping.
[2023-11-26T19:25:21.040+0000] {processor.py:841} WARNING - No viable dags retrieved from /opt/airflow/dags/custom_operators.py
[2023-11-26T19:25:21.053+0000] {processor.py:179} INFO - Processing /opt/airflow/dags/custom_operators.py took 0.022 seconds
