[2023-11-27T02:40:16.400+0000] {processor.py:157} INFO - Started process (PID=603) to work on /opt/airflow/dags/dag.py
[2023-11-27T02:40:16.403+0000] {processor.py:829} INFO - Processing file /opt/airflow/dags/dag.py for tasks to queue
[2023-11-27T02:40:16.404+0000] {logging_mixin.py:151} INFO - [2023-11-27T02:40:16.403+0000] {dagbag.py:539} INFO - Filling up the DagBag from /opt/airflow/dags/dag.py
[2023-11-27T02:40:16.636+0000] {processor.py:839} INFO - DAG(s) dict_keys(['etl_dag']) retrieved from /opt/airflow/dags/dag.py
[2023-11-27T02:40:16.660+0000] {logging_mixin.py:151} INFO - [2023-11-27T02:40:16.659+0000] {dag.py:2915} INFO - Sync 1 DAGs
[2023-11-27T02:40:16.674+0000] {logging_mixin.py:151} INFO - [2023-11-27T02:40:16.674+0000] {dag.py:3696} INFO - Setting next_dagrun for etl_dag to None, run_after=None
[2023-11-27T02:40:16.691+0000] {processor.py:179} INFO - Processing /opt/airflow/dags/dag.py took 0.298 seconds
[2023-11-27T04:57:32.255+0000] {processor.py:157} INFO - Started process (PID=616) to work on /opt/airflow/dags/dag.py
[2023-11-27T04:57:32.262+0000] {processor.py:829} INFO - Processing file /opt/airflow/dags/dag.py for tasks to queue
[2023-11-27T04:57:32.263+0000] {logging_mixin.py:151} INFO - [2023-11-27T04:57:32.262+0000] {dagbag.py:539} INFO - Filling up the DagBag from /opt/airflow/dags/dag.py
[2023-11-27T04:57:32.518+0000] {processor.py:839} INFO - DAG(s) dict_keys(['etl_dag']) retrieved from /opt/airflow/dags/dag.py
[2023-11-27T04:57:32.540+0000] {logging_mixin.py:151} INFO - [2023-11-27T04:57:32.540+0000] {dag.py:2915} INFO - Sync 1 DAGs
[2023-11-27T04:57:32.550+0000] {logging_mixin.py:151} INFO - [2023-11-27T04:57:32.550+0000] {dag.py:3696} INFO - Setting next_dagrun for etl_dag to None, run_after=None
[2023-11-27T04:57:32.562+0000] {processor.py:179} INFO - Processing /opt/airflow/dags/dag.py took 0.310 seconds
[2023-11-27T06:18:33.895+0000] {processor.py:157} INFO - Started process (PID=629) to work on /opt/airflow/dags/dag.py
[2023-11-27T06:18:33.902+0000] {processor.py:829} INFO - Processing file /opt/airflow/dags/dag.py for tasks to queue
[2023-11-27T06:18:33.905+0000] {logging_mixin.py:151} INFO - [2023-11-27T06:18:33.904+0000] {dagbag.py:539} INFO - Filling up the DagBag from /opt/airflow/dags/dag.py
[2023-11-27T06:18:34.209+0000] {processor.py:839} INFO - DAG(s) dict_keys(['etl_dag']) retrieved from /opt/airflow/dags/dag.py
[2023-11-27T06:18:34.233+0000] {logging_mixin.py:151} INFO - [2023-11-27T06:18:34.232+0000] {dag.py:2915} INFO - Sync 1 DAGs
[2023-11-27T06:18:34.242+0000] {logging_mixin.py:151} INFO - [2023-11-27T06:18:34.242+0000] {dag.py:3696} INFO - Setting next_dagrun for etl_dag to None, run_after=None
[2023-11-27T06:18:34.254+0000] {processor.py:179} INFO - Processing /opt/airflow/dags/dag.py took 0.362 seconds
[2023-11-27T07:33:09.604+0000] {processor.py:157} INFO - Started process (PID=642) to work on /opt/airflow/dags/dag.py
[2023-11-27T07:33:09.605+0000] {processor.py:829} INFO - Processing file /opt/airflow/dags/dag.py for tasks to queue
[2023-11-27T07:33:09.606+0000] {logging_mixin.py:151} INFO - [2023-11-27T07:33:09.606+0000] {dagbag.py:539} INFO - Filling up the DagBag from /opt/airflow/dags/dag.py
[2023-11-27T07:33:09.842+0000] {processor.py:839} INFO - DAG(s) dict_keys(['etl_dag']) retrieved from /opt/airflow/dags/dag.py
[2023-11-27T07:33:09.863+0000] {logging_mixin.py:151} INFO - [2023-11-27T07:33:09.863+0000] {dag.py:2915} INFO - Sync 1 DAGs
[2023-11-27T07:33:09.873+0000] {logging_mixin.py:151} INFO - [2023-11-27T07:33:09.873+0000] {dag.py:3696} INFO - Setting next_dagrun for etl_dag to None, run_after=None
[2023-11-27T07:33:09.884+0000] {processor.py:179} INFO - Processing /opt/airflow/dags/dag.py took 0.284 seconds
[2023-11-27T07:33:40.147+0000] {processor.py:157} INFO - Started process (PID=655) to work on /opt/airflow/dags/dag.py
[2023-11-27T07:33:40.149+0000] {processor.py:829} INFO - Processing file /opt/airflow/dags/dag.py for tasks to queue
[2023-11-27T07:33:40.150+0000] {logging_mixin.py:151} INFO - [2023-11-27T07:33:40.149+0000] {dagbag.py:539} INFO - Filling up the DagBag from /opt/airflow/dags/dag.py
[2023-11-27T07:33:40.364+0000] {processor.py:839} INFO - DAG(s) dict_keys(['etl_dag']) retrieved from /opt/airflow/dags/dag.py
[2023-11-27T07:33:40.383+0000] {logging_mixin.py:151} INFO - [2023-11-27T07:33:40.383+0000] {dag.py:2915} INFO - Sync 1 DAGs
[2023-11-27T07:33:40.391+0000] {logging_mixin.py:151} INFO - [2023-11-27T07:33:40.391+0000] {dag.py:3696} INFO - Setting next_dagrun for etl_dag to None, run_after=None
[2023-11-27T07:33:40.402+0000] {processor.py:179} INFO - Processing /opt/airflow/dags/dag.py took 0.259 seconds
[2023-11-27T07:34:10.449+0000] {processor.py:157} INFO - Started process (PID=668) to work on /opt/airflow/dags/dag.py
[2023-11-27T07:34:10.450+0000] {processor.py:829} INFO - Processing file /opt/airflow/dags/dag.py for tasks to queue
[2023-11-27T07:34:10.451+0000] {logging_mixin.py:151} INFO - [2023-11-27T07:34:10.451+0000] {dagbag.py:539} INFO - Filling up the DagBag from /opt/airflow/dags/dag.py
[2023-11-27T07:34:10.647+0000] {processor.py:839} INFO - DAG(s) dict_keys(['etl_dag']) retrieved from /opt/airflow/dags/dag.py
[2023-11-27T07:34:10.664+0000] {logging_mixin.py:151} INFO - [2023-11-27T07:34:10.664+0000] {dag.py:2915} INFO - Sync 1 DAGs
[2023-11-27T07:34:10.672+0000] {logging_mixin.py:151} INFO - [2023-11-27T07:34:10.672+0000] {dag.py:3696} INFO - Setting next_dagrun for etl_dag to None, run_after=None
[2023-11-27T07:34:10.683+0000] {processor.py:179} INFO - Processing /opt/airflow/dags/dag.py took 0.239 seconds
[2023-11-27T07:34:40.998+0000] {processor.py:157} INFO - Started process (PID=681) to work on /opt/airflow/dags/dag.py
[2023-11-27T07:34:41.000+0000] {processor.py:829} INFO - Processing file /opt/airflow/dags/dag.py for tasks to queue
[2023-11-27T07:34:41.001+0000] {logging_mixin.py:151} INFO - [2023-11-27T07:34:41.000+0000] {dagbag.py:539} INFO - Filling up the DagBag from /opt/airflow/dags/dag.py
[2023-11-27T07:34:41.193+0000] {processor.py:839} INFO - DAG(s) dict_keys(['etl_dag']) retrieved from /opt/airflow/dags/dag.py
[2023-11-27T07:34:41.210+0000] {logging_mixin.py:151} INFO - [2023-11-27T07:34:41.209+0000] {dag.py:2915} INFO - Sync 1 DAGs
[2023-11-27T07:34:41.217+0000] {logging_mixin.py:151} INFO - [2023-11-27T07:34:41.217+0000] {dag.py:3696} INFO - Setting next_dagrun for etl_dag to None, run_after=None
[2023-11-27T07:34:41.226+0000] {processor.py:179} INFO - Processing /opt/airflow/dags/dag.py took 0.233 seconds
[2023-11-27T07:35:11.320+0000] {processor.py:157} INFO - Started process (PID=694) to work on /opt/airflow/dags/dag.py
[2023-11-27T07:35:11.321+0000] {processor.py:829} INFO - Processing file /opt/airflow/dags/dag.py for tasks to queue
[2023-11-27T07:35:11.322+0000] {logging_mixin.py:151} INFO - [2023-11-27T07:35:11.322+0000] {dagbag.py:539} INFO - Filling up the DagBag from /opt/airflow/dags/dag.py
[2023-11-27T07:35:11.516+0000] {processor.py:839} INFO - DAG(s) dict_keys(['etl_dag']) retrieved from /opt/airflow/dags/dag.py
[2023-11-27T07:35:11.533+0000] {logging_mixin.py:151} INFO - [2023-11-27T07:35:11.533+0000] {dag.py:2915} INFO - Sync 1 DAGs
[2023-11-27T07:35:11.540+0000] {logging_mixin.py:151} INFO - [2023-11-27T07:35:11.540+0000] {dag.py:3696} INFO - Setting next_dagrun for etl_dag to None, run_after=None
[2023-11-27T07:35:11.550+0000] {processor.py:179} INFO - Processing /opt/airflow/dags/dag.py took 0.234 seconds
[2023-11-27T07:35:41.697+0000] {processor.py:157} INFO - Started process (PID=707) to work on /opt/airflow/dags/dag.py
[2023-11-27T07:35:41.698+0000] {processor.py:829} INFO - Processing file /opt/airflow/dags/dag.py for tasks to queue
[2023-11-27T07:35:41.699+0000] {logging_mixin.py:151} INFO - [2023-11-27T07:35:41.699+0000] {dagbag.py:539} INFO - Filling up the DagBag from /opt/airflow/dags/dag.py
[2023-11-27T07:35:41.919+0000] {processor.py:839} INFO - DAG(s) dict_keys(['etl_dag']) retrieved from /opt/airflow/dags/dag.py
[2023-11-27T07:35:41.939+0000] {logging_mixin.py:151} INFO - [2023-11-27T07:35:41.938+0000] {dag.py:2915} INFO - Sync 1 DAGs
[2023-11-27T07:35:41.947+0000] {logging_mixin.py:151} INFO - [2023-11-27T07:35:41.947+0000] {dag.py:3696} INFO - Setting next_dagrun for etl_dag to None, run_after=None
[2023-11-27T07:35:41.958+0000] {processor.py:179} INFO - Processing /opt/airflow/dags/dag.py took 0.265 seconds
[2023-11-27T08:32:53.110+0000] {processor.py:157} INFO - Started process (PID=161) to work on /opt/airflow/dags/dag.py
[2023-11-27T08:32:53.132+0000] {processor.py:829} INFO - Processing file /opt/airflow/dags/dag.py for tasks to queue
[2023-11-27T08:32:53.133+0000] {logging_mixin.py:151} INFO - [2023-11-27T08:32:53.133+0000] {dagbag.py:539} INFO - Filling up the DagBag from /opt/airflow/dags/dag.py
[2023-11-27T08:32:54.134+0000] {processor.py:839} INFO - DAG(s) dict_keys(['get_transactions_dag']) retrieved from /opt/airflow/dags/dag.py
[2023-11-27T08:32:54.281+0000] {logging_mixin.py:151} INFO - [2023-11-27T08:32:54.281+0000] {manager.py:499} INFO - Created Permission View: %s
[2023-11-27T08:32:54.286+0000] {logging_mixin.py:151} INFO - [2023-11-27T08:32:54.285+0000] {manager.py:499} INFO - Created Permission View: %s
[2023-11-27T08:32:54.288+0000] {logging_mixin.py:151} INFO - [2023-11-27T08:32:54.288+0000] {manager.py:499} INFO - Created Permission View: %s
[2023-11-27T08:32:54.289+0000] {logging_mixin.py:151} INFO - [2023-11-27T08:32:54.288+0000] {security.py:708} INFO - Not syncing DAG-level permissions for DAG 'DAG:get_transactions_dag' as access control is unset.
[2023-11-27T08:32:54.289+0000] {logging_mixin.py:151} INFO - [2023-11-27T08:32:54.289+0000] {dag.py:2915} INFO - Sync 1 DAGs
[2023-11-27T08:32:54.295+0000] {logging_mixin.py:151} INFO - [2023-11-27T08:32:54.295+0000] {dag.py:2937} INFO - Creating ORM DAG for get_transactions_dag
[2023-11-27T08:32:54.296+0000] {logging_mixin.py:151} INFO - [2023-11-27T08:32:54.296+0000] {dag.py:3696} INFO - Setting next_dagrun for get_transactions_dag to None, run_after=None
[2023-11-27T08:32:54.304+0000] {processor.py:179} INFO - Processing /opt/airflow/dags/dag.py took 1.200 seconds
[2023-11-27T08:33:24.338+0000] {processor.py:157} INFO - Started process (PID=175) to work on /opt/airflow/dags/dag.py
[2023-11-27T08:33:24.339+0000] {processor.py:829} INFO - Processing file /opt/airflow/dags/dag.py for tasks to queue
[2023-11-27T08:33:24.340+0000] {logging_mixin.py:151} INFO - [2023-11-27T08:33:24.340+0000] {dagbag.py:539} INFO - Filling up the DagBag from /opt/airflow/dags/dag.py
[2023-11-27T08:33:24.697+0000] {processor.py:839} INFO - DAG(s) dict_keys(['get_transactions_dag']) retrieved from /opt/airflow/dags/dag.py
[2023-11-27T08:33:24.716+0000] {logging_mixin.py:151} INFO - [2023-11-27T08:33:24.716+0000] {dag.py:2915} INFO - Sync 1 DAGs
[2023-11-27T08:33:24.724+0000] {logging_mixin.py:151} INFO - [2023-11-27T08:33:24.724+0000] {dag.py:3696} INFO - Setting next_dagrun for get_transactions_dag to None, run_after=None
[2023-11-27T08:33:24.738+0000] {processor.py:179} INFO - Processing /opt/airflow/dags/dag.py took 0.403 seconds
[2023-11-27T08:33:54.820+0000] {processor.py:157} INFO - Started process (PID=188) to work on /opt/airflow/dags/dag.py
[2023-11-27T08:33:54.822+0000] {processor.py:829} INFO - Processing file /opt/airflow/dags/dag.py for tasks to queue
[2023-11-27T08:33:54.823+0000] {logging_mixin.py:151} INFO - [2023-11-27T08:33:54.823+0000] {dagbag.py:539} INFO - Filling up the DagBag from /opt/airflow/dags/dag.py
[2023-11-27T08:33:55.210+0000] {processor.py:839} INFO - DAG(s) dict_keys(['get_transactions_dag']) retrieved from /opt/airflow/dags/dag.py
[2023-11-27T08:33:55.230+0000] {logging_mixin.py:151} INFO - [2023-11-27T08:33:55.230+0000] {dag.py:2915} INFO - Sync 1 DAGs
[2023-11-27T08:33:55.240+0000] {logging_mixin.py:151} INFO - [2023-11-27T08:33:55.239+0000] {dag.py:3696} INFO - Setting next_dagrun for get_transactions_dag to None, run_after=None
[2023-11-27T08:33:55.252+0000] {processor.py:179} INFO - Processing /opt/airflow/dags/dag.py took 0.437 seconds
[2023-11-27T08:34:25.317+0000] {processor.py:157} INFO - Started process (PID=213) to work on /opt/airflow/dags/dag.py
[2023-11-27T08:34:25.318+0000] {processor.py:829} INFO - Processing file /opt/airflow/dags/dag.py for tasks to queue
[2023-11-27T08:34:25.321+0000] {logging_mixin.py:151} INFO - [2023-11-27T08:34:25.320+0000] {dagbag.py:539} INFO - Filling up the DagBag from /opt/airflow/dags/dag.py
[2023-11-27T08:34:25.662+0000] {processor.py:839} INFO - DAG(s) dict_keys(['get_transactions_dag']) retrieved from /opt/airflow/dags/dag.py
[2023-11-27T08:34:25.681+0000] {logging_mixin.py:151} INFO - [2023-11-27T08:34:25.681+0000] {dag.py:2915} INFO - Sync 1 DAGs
[2023-11-27T08:34:25.689+0000] {logging_mixin.py:151} INFO - [2023-11-27T08:34:25.689+0000] {dag.py:3696} INFO - Setting next_dagrun for get_transactions_dag to None, run_after=None
[2023-11-27T08:34:25.698+0000] {processor.py:179} INFO - Processing /opt/airflow/dags/dag.py took 0.386 seconds
[2023-11-27T08:34:55.880+0000] {processor.py:157} INFO - Started process (PID=226) to work on /opt/airflow/dags/dag.py
[2023-11-27T08:34:55.882+0000] {processor.py:829} INFO - Processing file /opt/airflow/dags/dag.py for tasks to queue
[2023-11-27T08:34:55.883+0000] {logging_mixin.py:151} INFO - [2023-11-27T08:34:55.883+0000] {dagbag.py:539} INFO - Filling up the DagBag from /opt/airflow/dags/dag.py
[2023-11-27T08:34:56.196+0000] {processor.py:839} INFO - DAG(s) dict_keys(['get_transactions_dag']) retrieved from /opt/airflow/dags/dag.py
[2023-11-27T08:34:56.213+0000] {logging_mixin.py:151} INFO - [2023-11-27T08:34:56.213+0000] {dag.py:2915} INFO - Sync 1 DAGs
[2023-11-27T08:34:56.220+0000] {logging_mixin.py:151} INFO - [2023-11-27T08:34:56.220+0000] {dag.py:3696} INFO - Setting next_dagrun for get_transactions_dag to None, run_after=None
[2023-11-27T08:34:56.229+0000] {processor.py:179} INFO - Processing /opt/airflow/dags/dag.py took 0.353 seconds
[2023-11-27T08:35:26.475+0000] {processor.py:157} INFO - Started process (PID=239) to work on /opt/airflow/dags/dag.py
[2023-11-27T08:35:26.477+0000] {processor.py:829} INFO - Processing file /opt/airflow/dags/dag.py for tasks to queue
[2023-11-27T08:35:26.478+0000] {logging_mixin.py:151} INFO - [2023-11-27T08:35:26.477+0000] {dagbag.py:539} INFO - Filling up the DagBag from /opt/airflow/dags/dag.py
[2023-11-27T08:35:26.828+0000] {processor.py:839} INFO - DAG(s) dict_keys(['get_transactions_dag']) retrieved from /opt/airflow/dags/dag.py
[2023-11-27T08:35:26.847+0000] {logging_mixin.py:151} INFO - [2023-11-27T08:35:26.846+0000] {dag.py:2915} INFO - Sync 1 DAGs
[2023-11-27T08:35:26.855+0000] {logging_mixin.py:151} INFO - [2023-11-27T08:35:26.855+0000] {dag.py:3696} INFO - Setting next_dagrun for get_transactions_dag to None, run_after=None
[2023-11-27T08:35:26.865+0000] {processor.py:179} INFO - Processing /opt/airflow/dags/dag.py took 0.396 seconds
[2023-11-27T08:35:57.142+0000] {processor.py:157} INFO - Started process (PID=264) to work on /opt/airflow/dags/dag.py
[2023-11-27T08:35:57.144+0000] {processor.py:829} INFO - Processing file /opt/airflow/dags/dag.py for tasks to queue
[2023-11-27T08:35:57.146+0000] {logging_mixin.py:151} INFO - [2023-11-27T08:35:57.145+0000] {dagbag.py:539} INFO - Filling up the DagBag from /opt/airflow/dags/dag.py
[2023-11-27T08:35:57.496+0000] {processor.py:839} INFO - DAG(s) dict_keys(['get_transactions_dag']) retrieved from /opt/airflow/dags/dag.py
[2023-11-27T08:35:57.513+0000] {logging_mixin.py:151} INFO - [2023-11-27T08:35:57.512+0000] {dag.py:2915} INFO - Sync 1 DAGs
[2023-11-27T08:35:57.519+0000] {logging_mixin.py:151} INFO - [2023-11-27T08:35:57.519+0000] {dag.py:3696} INFO - Setting next_dagrun for get_transactions_dag to None, run_after=None
[2023-11-27T08:35:57.529+0000] {processor.py:179} INFO - Processing /opt/airflow/dags/dag.py took 0.393 seconds
[2023-11-27T08:36:27.945+0000] {processor.py:157} INFO - Started process (PID=277) to work on /opt/airflow/dags/dag.py
[2023-11-27T08:36:27.947+0000] {processor.py:829} INFO - Processing file /opt/airflow/dags/dag.py for tasks to queue
[2023-11-27T08:36:27.948+0000] {logging_mixin.py:151} INFO - [2023-11-27T08:36:27.948+0000] {dagbag.py:539} INFO - Filling up the DagBag from /opt/airflow/dags/dag.py
[2023-11-27T08:36:28.165+0000] {processor.py:839} INFO - DAG(s) dict_keys(['get_transactions_dag']) retrieved from /opt/airflow/dags/dag.py
[2023-11-27T08:36:28.184+0000] {logging_mixin.py:151} INFO - [2023-11-27T08:36:28.184+0000] {dag.py:2915} INFO - Sync 1 DAGs
[2023-11-27T08:36:28.193+0000] {logging_mixin.py:151} INFO - [2023-11-27T08:36:28.193+0000] {dag.py:3696} INFO - Setting next_dagrun for get_transactions_dag to None, run_after=None
[2023-11-27T08:36:28.204+0000] {processor.py:179} INFO - Processing /opt/airflow/dags/dag.py took 0.265 seconds
[2023-11-27T08:36:58.434+0000] {processor.py:157} INFO - Started process (PID=302) to work on /opt/airflow/dags/dag.py
[2023-11-27T08:36:58.435+0000] {processor.py:829} INFO - Processing file /opt/airflow/dags/dag.py for tasks to queue
[2023-11-27T08:36:58.436+0000] {logging_mixin.py:151} INFO - [2023-11-27T08:36:58.436+0000] {dagbag.py:539} INFO - Filling up the DagBag from /opt/airflow/dags/dag.py
[2023-11-27T08:36:58.670+0000] {processor.py:839} INFO - DAG(s) dict_keys(['get_transactions_dag']) retrieved from /opt/airflow/dags/dag.py
[2023-11-27T08:36:58.689+0000] {logging_mixin.py:151} INFO - [2023-11-27T08:36:58.689+0000] {dag.py:2915} INFO - Sync 1 DAGs
[2023-11-27T08:36:58.698+0000] {logging_mixin.py:151} INFO - [2023-11-27T08:36:58.698+0000] {dag.py:3696} INFO - Setting next_dagrun for get_transactions_dag to None, run_after=None
[2023-11-27T08:36:58.708+0000] {processor.py:179} INFO - Processing /opt/airflow/dags/dag.py took 0.281 seconds
[2023-11-27T08:37:28.987+0000] {processor.py:157} INFO - Started process (PID=315) to work on /opt/airflow/dags/dag.py
[2023-11-27T08:37:28.988+0000] {processor.py:829} INFO - Processing file /opt/airflow/dags/dag.py for tasks to queue
[2023-11-27T08:37:28.989+0000] {logging_mixin.py:151} INFO - [2023-11-27T08:37:28.989+0000] {dagbag.py:539} INFO - Filling up the DagBag from /opt/airflow/dags/dag.py
[2023-11-27T08:37:29.200+0000] {processor.py:839} INFO - DAG(s) dict_keys(['get_transactions_dag']) retrieved from /opt/airflow/dags/dag.py
[2023-11-27T08:37:29.219+0000] {logging_mixin.py:151} INFO - [2023-11-27T08:37:29.219+0000] {dag.py:2915} INFO - Sync 1 DAGs
[2023-11-27T08:37:29.227+0000] {logging_mixin.py:151} INFO - [2023-11-27T08:37:29.227+0000] {dag.py:3696} INFO - Setting next_dagrun for get_transactions_dag to None, run_after=None
[2023-11-27T08:37:29.237+0000] {processor.py:179} INFO - Processing /opt/airflow/dags/dag.py took 0.257 seconds
[2023-11-27T08:37:59.280+0000] {processor.py:157} INFO - Started process (PID=328) to work on /opt/airflow/dags/dag.py
[2023-11-27T08:37:59.281+0000] {processor.py:829} INFO - Processing file /opt/airflow/dags/dag.py for tasks to queue
[2023-11-27T08:37:59.282+0000] {logging_mixin.py:151} INFO - [2023-11-27T08:37:59.282+0000] {dagbag.py:539} INFO - Filling up the DagBag from /opt/airflow/dags/dag.py
[2023-11-27T08:37:59.508+0000] {processor.py:839} INFO - DAG(s) dict_keys(['get_transactions_dag']) retrieved from /opt/airflow/dags/dag.py
[2023-11-27T08:37:59.526+0000] {logging_mixin.py:151} INFO - [2023-11-27T08:37:59.526+0000] {dag.py:2915} INFO - Sync 1 DAGs
[2023-11-27T08:37:59.534+0000] {logging_mixin.py:151} INFO - [2023-11-27T08:37:59.534+0000] {dag.py:3696} INFO - Setting next_dagrun for get_transactions_dag to None, run_after=None
[2023-11-27T08:37:59.544+0000] {processor.py:179} INFO - Processing /opt/airflow/dags/dag.py took 0.268 seconds
[2023-11-27T08:38:29.781+0000] {processor.py:157} INFO - Started process (PID=342) to work on /opt/airflow/dags/dag.py
[2023-11-27T08:38:29.783+0000] {processor.py:829} INFO - Processing file /opt/airflow/dags/dag.py for tasks to queue
[2023-11-27T08:38:29.784+0000] {logging_mixin.py:151} INFO - [2023-11-27T08:38:29.783+0000] {dagbag.py:539} INFO - Filling up the DagBag from /opt/airflow/dags/dag.py
[2023-11-27T08:38:29.979+0000] {processor.py:839} INFO - DAG(s) dict_keys(['get_transactions_dag']) retrieved from /opt/airflow/dags/dag.py
[2023-11-27T08:38:29.996+0000] {logging_mixin.py:151} INFO - [2023-11-27T08:38:29.996+0000] {dag.py:2915} INFO - Sync 1 DAGs
[2023-11-27T08:38:30.003+0000] {logging_mixin.py:151} INFO - [2023-11-27T08:38:30.003+0000] {dag.py:3696} INFO - Setting next_dagrun for get_transactions_dag to None, run_after=None
[2023-11-27T08:38:30.014+0000] {processor.py:179} INFO - Processing /opt/airflow/dags/dag.py took 0.236 seconds
[2023-11-27T08:39:00.092+0000] {processor.py:157} INFO - Started process (PID=355) to work on /opt/airflow/dags/dag.py
[2023-11-27T08:39:00.093+0000] {processor.py:829} INFO - Processing file /opt/airflow/dags/dag.py for tasks to queue
[2023-11-27T08:39:00.094+0000] {logging_mixin.py:151} INFO - [2023-11-27T08:39:00.094+0000] {dagbag.py:539} INFO - Filling up the DagBag from /opt/airflow/dags/dag.py
[2023-11-27T08:39:00.291+0000] {processor.py:839} INFO - DAG(s) dict_keys(['get_transactions_dag']) retrieved from /opt/airflow/dags/dag.py
[2023-11-27T08:39:00.308+0000] {logging_mixin.py:151} INFO - [2023-11-27T08:39:00.307+0000] {dag.py:2915} INFO - Sync 1 DAGs
[2023-11-27T08:39:00.315+0000] {logging_mixin.py:151} INFO - [2023-11-27T08:39:00.315+0000] {dag.py:3696} INFO - Setting next_dagrun for get_transactions_dag to None, run_after=None
[2023-11-27T08:39:00.326+0000] {processor.py:179} INFO - Processing /opt/airflow/dags/dag.py took 0.240 seconds
[2023-11-27T08:39:30.464+0000] {processor.py:157} INFO - Started process (PID=367) to work on /opt/airflow/dags/dag.py
[2023-11-27T08:39:30.465+0000] {processor.py:829} INFO - Processing file /opt/airflow/dags/dag.py for tasks to queue
[2023-11-27T08:39:30.466+0000] {logging_mixin.py:151} INFO - [2023-11-27T08:39:30.466+0000] {dagbag.py:539} INFO - Filling up the DagBag from /opt/airflow/dags/dag.py
[2023-11-27T08:39:30.681+0000] {processor.py:839} INFO - DAG(s) dict_keys(['get_transactions_dag']) retrieved from /opt/airflow/dags/dag.py
[2023-11-27T08:39:30.701+0000] {logging_mixin.py:151} INFO - [2023-11-27T08:39:30.700+0000] {dag.py:2915} INFO - Sync 1 DAGs
[2023-11-27T08:39:30.710+0000] {logging_mixin.py:151} INFO - [2023-11-27T08:39:30.709+0000] {dag.py:3696} INFO - Setting next_dagrun for get_transactions_dag to None, run_after=None
[2023-11-27T08:39:30.720+0000] {processor.py:179} INFO - Processing /opt/airflow/dags/dag.py took 0.259 seconds
[2023-11-27T08:40:00.830+0000] {processor.py:157} INFO - Started process (PID=380) to work on /opt/airflow/dags/dag.py
[2023-11-27T08:40:00.831+0000] {processor.py:829} INFO - Processing file /opt/airflow/dags/dag.py for tasks to queue
[2023-11-27T08:40:00.832+0000] {logging_mixin.py:151} INFO - [2023-11-27T08:40:00.832+0000] {dagbag.py:539} INFO - Filling up the DagBag from /opt/airflow/dags/dag.py
[2023-11-27T08:40:01.062+0000] {processor.py:839} INFO - DAG(s) dict_keys(['get_transactions_dag']) retrieved from /opt/airflow/dags/dag.py
[2023-11-27T08:40:01.081+0000] {logging_mixin.py:151} INFO - [2023-11-27T08:40:01.081+0000] {dag.py:2915} INFO - Sync 1 DAGs
[2023-11-27T08:40:01.090+0000] {logging_mixin.py:151} INFO - [2023-11-27T08:40:01.090+0000] {dag.py:3696} INFO - Setting next_dagrun for get_transactions_dag to None, run_after=None
[2023-11-27T08:40:01.102+0000] {processor.py:179} INFO - Processing /opt/airflow/dags/dag.py took 0.277 seconds
[2023-11-27T08:40:31.280+0000] {processor.py:157} INFO - Started process (PID=393) to work on /opt/airflow/dags/dag.py
[2023-11-27T08:40:31.281+0000] {processor.py:829} INFO - Processing file /opt/airflow/dags/dag.py for tasks to queue
[2023-11-27T08:40:31.283+0000] {logging_mixin.py:151} INFO - [2023-11-27T08:40:31.282+0000] {dagbag.py:539} INFO - Filling up the DagBag from /opt/airflow/dags/dag.py
[2023-11-27T08:40:31.519+0000] {processor.py:839} INFO - DAG(s) dict_keys(['get_transactions_dag']) retrieved from /opt/airflow/dags/dag.py
[2023-11-27T08:40:31.539+0000] {logging_mixin.py:151} INFO - [2023-11-27T08:40:31.539+0000] {dag.py:2915} INFO - Sync 1 DAGs
[2023-11-27T08:40:31.547+0000] {logging_mixin.py:151} INFO - [2023-11-27T08:40:31.547+0000] {dag.py:3696} INFO - Setting next_dagrun for get_transactions_dag to None, run_after=None
[2023-11-27T08:40:31.558+0000] {processor.py:179} INFO - Processing /opt/airflow/dags/dag.py took 0.284 seconds
[2023-11-27T08:41:01.630+0000] {processor.py:157} INFO - Started process (PID=406) to work on /opt/airflow/dags/dag.py
[2023-11-27T08:41:01.632+0000] {processor.py:829} INFO - Processing file /opt/airflow/dags/dag.py for tasks to queue
[2023-11-27T08:41:01.634+0000] {logging_mixin.py:151} INFO - [2023-11-27T08:41:01.633+0000] {dagbag.py:539} INFO - Filling up the DagBag from /opt/airflow/dags/dag.py
[2023-11-27T08:41:01.840+0000] {processor.py:839} INFO - DAG(s) dict_keys(['get_transactions_dag']) retrieved from /opt/airflow/dags/dag.py
[2023-11-27T08:41:01.857+0000] {logging_mixin.py:151} INFO - [2023-11-27T08:41:01.857+0000] {dag.py:2915} INFO - Sync 1 DAGs
[2023-11-27T08:41:01.864+0000] {logging_mixin.py:151} INFO - [2023-11-27T08:41:01.864+0000] {dag.py:3696} INFO - Setting next_dagrun for get_transactions_dag to None, run_after=None
[2023-11-27T08:41:01.874+0000] {processor.py:179} INFO - Processing /opt/airflow/dags/dag.py took 0.249 seconds
[2023-11-27T08:41:32.102+0000] {processor.py:157} INFO - Started process (PID=419) to work on /opt/airflow/dags/dag.py
[2023-11-27T08:41:32.104+0000] {processor.py:829} INFO - Processing file /opt/airflow/dags/dag.py for tasks to queue
[2023-11-27T08:41:32.105+0000] {logging_mixin.py:151} INFO - [2023-11-27T08:41:32.104+0000] {dagbag.py:539} INFO - Filling up the DagBag from /opt/airflow/dags/dag.py
[2023-11-27T08:41:32.315+0000] {processor.py:839} INFO - DAG(s) dict_keys(['get_transactions_dag']) retrieved from /opt/airflow/dags/dag.py
[2023-11-27T08:41:32.334+0000] {logging_mixin.py:151} INFO - [2023-11-27T08:41:32.334+0000] {dag.py:2915} INFO - Sync 1 DAGs
[2023-11-27T08:41:32.342+0000] {logging_mixin.py:151} INFO - [2023-11-27T08:41:32.342+0000] {dag.py:3696} INFO - Setting next_dagrun for get_transactions_dag to None, run_after=None
[2023-11-27T08:41:32.352+0000] {processor.py:179} INFO - Processing /opt/airflow/dags/dag.py took 0.254 seconds
[2023-11-27T08:42:02.405+0000] {processor.py:157} INFO - Started process (PID=432) to work on /opt/airflow/dags/dag.py
[2023-11-27T08:42:02.407+0000] {processor.py:829} INFO - Processing file /opt/airflow/dags/dag.py for tasks to queue
[2023-11-27T08:42:02.408+0000] {logging_mixin.py:151} INFO - [2023-11-27T08:42:02.408+0000] {dagbag.py:539} INFO - Filling up the DagBag from /opt/airflow/dags/dag.py
[2023-11-27T08:42:02.652+0000] {processor.py:839} INFO - DAG(s) dict_keys(['get_transactions_dag']) retrieved from /opt/airflow/dags/dag.py
[2023-11-27T08:42:02.672+0000] {logging_mixin.py:151} INFO - [2023-11-27T08:42:02.672+0000] {dag.py:2915} INFO - Sync 1 DAGs
[2023-11-27T08:42:02.681+0000] {logging_mixin.py:151} INFO - [2023-11-27T08:42:02.681+0000] {dag.py:3696} INFO - Setting next_dagrun for get_transactions_dag to None, run_after=None
[2023-11-27T08:42:02.693+0000] {processor.py:179} INFO - Processing /opt/airflow/dags/dag.py took 0.293 seconds
[2023-11-27T08:42:32.889+0000] {processor.py:157} INFO - Started process (PID=445) to work on /opt/airflow/dags/dag.py
[2023-11-27T08:42:32.890+0000] {processor.py:829} INFO - Processing file /opt/airflow/dags/dag.py for tasks to queue
[2023-11-27T08:42:32.891+0000] {logging_mixin.py:151} INFO - [2023-11-27T08:42:32.890+0000] {dagbag.py:539} INFO - Filling up the DagBag from /opt/airflow/dags/dag.py
[2023-11-27T08:42:33.089+0000] {processor.py:839} INFO - DAG(s) dict_keys(['get_transactions_dag']) retrieved from /opt/airflow/dags/dag.py
[2023-11-27T08:42:33.105+0000] {logging_mixin.py:151} INFO - [2023-11-27T08:42:33.105+0000] {dag.py:2915} INFO - Sync 1 DAGs
[2023-11-27T08:42:33.114+0000] {logging_mixin.py:151} INFO - [2023-11-27T08:42:33.114+0000] {dag.py:3696} INFO - Setting next_dagrun for get_transactions_dag to None, run_after=None
[2023-11-27T08:42:33.125+0000] {processor.py:179} INFO - Processing /opt/airflow/dags/dag.py took 0.241 seconds
[2023-11-27T08:43:03.178+0000] {processor.py:157} INFO - Started process (PID=458) to work on /opt/airflow/dags/dag.py
[2023-11-27T08:43:03.180+0000] {processor.py:829} INFO - Processing file /opt/airflow/dags/dag.py for tasks to queue
[2023-11-27T08:43:03.181+0000] {logging_mixin.py:151} INFO - [2023-11-27T08:43:03.180+0000] {dagbag.py:539} INFO - Filling up the DagBag from /opt/airflow/dags/dag.py
[2023-11-27T08:43:03.403+0000] {processor.py:839} INFO - DAG(s) dict_keys(['get_transactions_dag']) retrieved from /opt/airflow/dags/dag.py
[2023-11-27T08:43:03.422+0000] {logging_mixin.py:151} INFO - [2023-11-27T08:43:03.422+0000] {dag.py:2915} INFO - Sync 1 DAGs
[2023-11-27T08:43:03.431+0000] {logging_mixin.py:151} INFO - [2023-11-27T08:43:03.431+0000] {dag.py:3696} INFO - Setting next_dagrun for get_transactions_dag to None, run_after=None
[2023-11-27T08:43:03.442+0000] {processor.py:179} INFO - Processing /opt/airflow/dags/dag.py took 0.269 seconds
[2023-11-27T08:43:33.711+0000] {processor.py:157} INFO - Started process (PID=471) to work on /opt/airflow/dags/dag.py
[2023-11-27T08:43:33.712+0000] {processor.py:829} INFO - Processing file /opt/airflow/dags/dag.py for tasks to queue
[2023-11-27T08:43:33.713+0000] {logging_mixin.py:151} INFO - [2023-11-27T08:43:33.713+0000] {dagbag.py:539} INFO - Filling up the DagBag from /opt/airflow/dags/dag.py
[2023-11-27T08:43:33.926+0000] {processor.py:839} INFO - DAG(s) dict_keys(['get_transactions_dag']) retrieved from /opt/airflow/dags/dag.py
[2023-11-27T08:43:33.945+0000] {logging_mixin.py:151} INFO - [2023-11-27T08:43:33.945+0000] {dag.py:2915} INFO - Sync 1 DAGs
[2023-11-27T08:43:33.953+0000] {logging_mixin.py:151} INFO - [2023-11-27T08:43:33.953+0000] {dag.py:3696} INFO - Setting next_dagrun for get_transactions_dag to None, run_after=None
[2023-11-27T08:43:33.962+0000] {processor.py:179} INFO - Processing /opt/airflow/dags/dag.py took 0.256 seconds
[2023-11-27T08:44:04.046+0000] {processor.py:157} INFO - Started process (PID=484) to work on /opt/airflow/dags/dag.py
[2023-11-27T08:44:04.047+0000] {processor.py:829} INFO - Processing file /opt/airflow/dags/dag.py for tasks to queue
[2023-11-27T08:44:04.048+0000] {logging_mixin.py:151} INFO - [2023-11-27T08:44:04.048+0000] {dagbag.py:539} INFO - Filling up the DagBag from /opt/airflow/dags/dag.py
[2023-11-27T08:44:04.248+0000] {processor.py:839} INFO - DAG(s) dict_keys(['get_transactions_dag']) retrieved from /opt/airflow/dags/dag.py
[2023-11-27T08:44:04.265+0000] {logging_mixin.py:151} INFO - [2023-11-27T08:44:04.264+0000] {dag.py:2915} INFO - Sync 1 DAGs
[2023-11-27T08:44:04.272+0000] {logging_mixin.py:151} INFO - [2023-11-27T08:44:04.272+0000] {dag.py:3696} INFO - Setting next_dagrun for get_transactions_dag to None, run_after=None
[2023-11-27T08:44:04.282+0000] {processor.py:179} INFO - Processing /opt/airflow/dags/dag.py took 0.242 seconds
[2023-11-27T08:44:34.493+0000] {processor.py:157} INFO - Started process (PID=497) to work on /opt/airflow/dags/dag.py
[2023-11-27T08:44:34.494+0000] {processor.py:829} INFO - Processing file /opt/airflow/dags/dag.py for tasks to queue
[2023-11-27T08:44:34.495+0000] {logging_mixin.py:151} INFO - [2023-11-27T08:44:34.494+0000] {dagbag.py:539} INFO - Filling up the DagBag from /opt/airflow/dags/dag.py
[2023-11-27T08:44:34.700+0000] {processor.py:839} INFO - DAG(s) dict_keys(['get_transactions_dag']) retrieved from /opt/airflow/dags/dag.py
[2023-11-27T08:44:34.720+0000] {logging_mixin.py:151} INFO - [2023-11-27T08:44:34.719+0000] {dag.py:2915} INFO - Sync 1 DAGs
[2023-11-27T08:44:34.728+0000] {logging_mixin.py:151} INFO - [2023-11-27T08:44:34.727+0000] {dag.py:3696} INFO - Setting next_dagrun for get_transactions_dag to None, run_after=None
[2023-11-27T08:44:34.739+0000] {processor.py:179} INFO - Processing /opt/airflow/dags/dag.py took 0.250 seconds
[2023-11-27T08:45:04.814+0000] {processor.py:157} INFO - Started process (PID=510) to work on /opt/airflow/dags/dag.py
[2023-11-27T08:45:04.815+0000] {processor.py:829} INFO - Processing file /opt/airflow/dags/dag.py for tasks to queue
[2023-11-27T08:45:04.816+0000] {logging_mixin.py:151} INFO - [2023-11-27T08:45:04.816+0000] {dagbag.py:539} INFO - Filling up the DagBag from /opt/airflow/dags/dag.py
[2023-11-27T08:45:05.100+0000] {processor.py:839} INFO - DAG(s) dict_keys(['get_transactions_dag']) retrieved from /opt/airflow/dags/dag.py
[2023-11-27T08:45:05.125+0000] {logging_mixin.py:151} INFO - [2023-11-27T08:45:05.125+0000] {dag.py:2915} INFO - Sync 1 DAGs
[2023-11-27T08:45:05.135+0000] {logging_mixin.py:151} INFO - [2023-11-27T08:45:05.134+0000] {dag.py:3696} INFO - Setting next_dagrun for get_transactions_dag to None, run_after=None
[2023-11-27T08:45:05.147+0000] {processor.py:179} INFO - Processing /opt/airflow/dags/dag.py took 0.339 seconds
[2023-11-27T08:45:35.259+0000] {processor.py:157} INFO - Started process (PID=523) to work on /opt/airflow/dags/dag.py
[2023-11-27T08:45:35.260+0000] {processor.py:829} INFO - Processing file /opt/airflow/dags/dag.py for tasks to queue
[2023-11-27T08:45:35.261+0000] {logging_mixin.py:151} INFO - [2023-11-27T08:45:35.260+0000] {dagbag.py:539} INFO - Filling up the DagBag from /opt/airflow/dags/dag.py
[2023-11-27T08:45:35.462+0000] {processor.py:839} INFO - DAG(s) dict_keys(['get_transactions_dag']) retrieved from /opt/airflow/dags/dag.py
[2023-11-27T08:45:35.480+0000] {logging_mixin.py:151} INFO - [2023-11-27T08:45:35.480+0000] {dag.py:2915} INFO - Sync 1 DAGs
[2023-11-27T08:45:35.489+0000] {logging_mixin.py:151} INFO - [2023-11-27T08:45:35.489+0000] {dag.py:3696} INFO - Setting next_dagrun for get_transactions_dag to None, run_after=None
[2023-11-27T08:45:35.499+0000] {processor.py:179} INFO - Processing /opt/airflow/dags/dag.py took 0.244 seconds
[2023-11-27T08:46:05.633+0000] {processor.py:157} INFO - Started process (PID=536) to work on /opt/airflow/dags/dag.py
[2023-11-27T08:46:05.635+0000] {processor.py:829} INFO - Processing file /opt/airflow/dags/dag.py for tasks to queue
[2023-11-27T08:46:05.636+0000] {logging_mixin.py:151} INFO - [2023-11-27T08:46:05.636+0000] {dagbag.py:539} INFO - Filling up the DagBag from /opt/airflow/dags/dag.py
[2023-11-27T08:46:05.835+0000] {processor.py:839} INFO - DAG(s) dict_keys(['get_transactions_dag']) retrieved from /opt/airflow/dags/dag.py
[2023-11-27T08:46:05.853+0000] {logging_mixin.py:151} INFO - [2023-11-27T08:46:05.852+0000] {dag.py:2915} INFO - Sync 1 DAGs
[2023-11-27T08:46:05.861+0000] {logging_mixin.py:151} INFO - [2023-11-27T08:46:05.861+0000] {dag.py:3696} INFO - Setting next_dagrun for get_transactions_dag to None, run_after=None
[2023-11-27T08:46:05.871+0000] {processor.py:179} INFO - Processing /opt/airflow/dags/dag.py took 0.244 seconds
[2023-11-27T08:46:35.999+0000] {processor.py:157} INFO - Started process (PID=549) to work on /opt/airflow/dags/dag.py
[2023-11-27T08:46:36.000+0000] {processor.py:829} INFO - Processing file /opt/airflow/dags/dag.py for tasks to queue
[2023-11-27T08:46:36.001+0000] {logging_mixin.py:151} INFO - [2023-11-27T08:46:36.001+0000] {dagbag.py:539} INFO - Filling up the DagBag from /opt/airflow/dags/dag.py
[2023-11-27T08:46:36.208+0000] {processor.py:839} INFO - DAG(s) dict_keys(['get_transactions_dag']) retrieved from /opt/airflow/dags/dag.py
[2023-11-27T08:46:36.228+0000] {logging_mixin.py:151} INFO - [2023-11-27T08:46:36.228+0000] {dag.py:2915} INFO - Sync 1 DAGs
[2023-11-27T08:46:36.236+0000] {logging_mixin.py:151} INFO - [2023-11-27T08:46:36.236+0000] {dag.py:3696} INFO - Setting next_dagrun for get_transactions_dag to None, run_after=None
[2023-11-27T08:46:36.247+0000] {processor.py:179} INFO - Processing /opt/airflow/dags/dag.py took 0.254 seconds
[2023-11-27T08:47:06.414+0000] {processor.py:157} INFO - Started process (PID=562) to work on /opt/airflow/dags/dag.py
[2023-11-27T08:47:06.415+0000] {processor.py:829} INFO - Processing file /opt/airflow/dags/dag.py for tasks to queue
[2023-11-27T08:47:06.417+0000] {logging_mixin.py:151} INFO - [2023-11-27T08:47:06.416+0000] {dagbag.py:539} INFO - Filling up the DagBag from /opt/airflow/dags/dag.py
[2023-11-27T08:47:06.632+0000] {processor.py:839} INFO - DAG(s) dict_keys(['get_transactions_dag']) retrieved from /opt/airflow/dags/dag.py
[2023-11-27T08:47:06.652+0000] {logging_mixin.py:151} INFO - [2023-11-27T08:47:06.652+0000] {dag.py:2915} INFO - Sync 1 DAGs
[2023-11-27T08:47:06.660+0000] {logging_mixin.py:151} INFO - [2023-11-27T08:47:06.660+0000] {dag.py:3696} INFO - Setting next_dagrun for get_transactions_dag to None, run_after=None
[2023-11-27T08:47:06.672+0000] {processor.py:179} INFO - Processing /opt/airflow/dags/dag.py took 0.264 seconds
[2023-11-27T08:47:36.784+0000] {processor.py:157} INFO - Started process (PID=575) to work on /opt/airflow/dags/dag.py
[2023-11-27T08:47:36.785+0000] {processor.py:829} INFO - Processing file /opt/airflow/dags/dag.py for tasks to queue
[2023-11-27T08:47:36.786+0000] {logging_mixin.py:151} INFO - [2023-11-27T08:47:36.786+0000] {dagbag.py:539} INFO - Filling up the DagBag from /opt/airflow/dags/dag.py
[2023-11-27T08:47:37.061+0000] {processor.py:839} INFO - DAG(s) dict_keys(['get_transactions_dag']) retrieved from /opt/airflow/dags/dag.py
[2023-11-27T08:47:37.086+0000] {logging_mixin.py:151} INFO - [2023-11-27T08:47:37.085+0000] {dag.py:2915} INFO - Sync 1 DAGs
[2023-11-27T08:47:37.096+0000] {logging_mixin.py:151} INFO - [2023-11-27T08:47:37.096+0000] {dag.py:3696} INFO - Setting next_dagrun for get_transactions_dag to None, run_after=None
[2023-11-27T08:47:37.109+0000] {processor.py:179} INFO - Processing /opt/airflow/dags/dag.py took 0.330 seconds
[2023-11-27T08:48:07.241+0000] {processor.py:157} INFO - Started process (PID=588) to work on /opt/airflow/dags/dag.py
[2023-11-27T08:48:07.242+0000] {processor.py:829} INFO - Processing file /opt/airflow/dags/dag.py for tasks to queue
[2023-11-27T08:48:07.243+0000] {logging_mixin.py:151} INFO - [2023-11-27T08:48:07.243+0000] {dagbag.py:539} INFO - Filling up the DagBag from /opt/airflow/dags/dag.py
[2023-11-27T08:48:07.489+0000] {processor.py:839} INFO - DAG(s) dict_keys(['get_transactions_dag']) retrieved from /opt/airflow/dags/dag.py
[2023-11-27T08:48:07.509+0000] {logging_mixin.py:151} INFO - [2023-11-27T08:48:07.508+0000] {dag.py:2915} INFO - Sync 1 DAGs
[2023-11-27T08:48:07.518+0000] {logging_mixin.py:151} INFO - [2023-11-27T08:48:07.518+0000] {dag.py:3696} INFO - Setting next_dagrun for get_transactions_dag to None, run_after=None
[2023-11-27T08:48:07.530+0000] {processor.py:179} INFO - Processing /opt/airflow/dags/dag.py took 0.293 seconds
[2023-11-27T08:48:37.650+0000] {processor.py:157} INFO - Started process (PID=601) to work on /opt/airflow/dags/dag.py
[2023-11-27T08:48:37.652+0000] {processor.py:829} INFO - Processing file /opt/airflow/dags/dag.py for tasks to queue
[2023-11-27T08:48:37.653+0000] {logging_mixin.py:151} INFO - [2023-11-27T08:48:37.652+0000] {dagbag.py:539} INFO - Filling up the DagBag from /opt/airflow/dags/dag.py
[2023-11-27T08:48:37.875+0000] {processor.py:839} INFO - DAG(s) dict_keys(['get_transactions_dag']) retrieved from /opt/airflow/dags/dag.py
[2023-11-27T08:48:37.897+0000] {logging_mixin.py:151} INFO - [2023-11-27T08:48:37.897+0000] {dag.py:2915} INFO - Sync 1 DAGs
[2023-11-27T08:48:37.909+0000] {logging_mixin.py:151} INFO - [2023-11-27T08:48:37.909+0000] {dag.py:3696} INFO - Setting next_dagrun for get_transactions_dag to None, run_after=None
[2023-11-27T08:48:37.921+0000] {processor.py:179} INFO - Processing /opt/airflow/dags/dag.py took 0.278 seconds
[2023-11-27T08:49:08.052+0000] {processor.py:157} INFO - Started process (PID=614) to work on /opt/airflow/dags/dag.py
[2023-11-27T08:49:08.053+0000] {processor.py:829} INFO - Processing file /opt/airflow/dags/dag.py for tasks to queue
[2023-11-27T08:49:08.055+0000] {logging_mixin.py:151} INFO - [2023-11-27T08:49:08.054+0000] {dagbag.py:539} INFO - Filling up the DagBag from /opt/airflow/dags/dag.py
[2023-11-27T08:49:08.268+0000] {processor.py:839} INFO - DAG(s) dict_keys(['get_transactions_dag']) retrieved from /opt/airflow/dags/dag.py
[2023-11-27T08:49:08.287+0000] {logging_mixin.py:151} INFO - [2023-11-27T08:49:08.287+0000] {dag.py:2915} INFO - Sync 1 DAGs
[2023-11-27T08:49:08.295+0000] {logging_mixin.py:151} INFO - [2023-11-27T08:49:08.295+0000] {dag.py:3696} INFO - Setting next_dagrun for get_transactions_dag to None, run_after=None
[2023-11-27T08:49:08.305+0000] {processor.py:179} INFO - Processing /opt/airflow/dags/dag.py took 0.258 seconds
[2023-11-27T08:49:38.404+0000] {processor.py:157} INFO - Started process (PID=627) to work on /opt/airflow/dags/dag.py
[2023-11-27T08:49:38.405+0000] {processor.py:829} INFO - Processing file /opt/airflow/dags/dag.py for tasks to queue
[2023-11-27T08:49:38.407+0000] {logging_mixin.py:151} INFO - [2023-11-27T08:49:38.406+0000] {dagbag.py:539} INFO - Filling up the DagBag from /opt/airflow/dags/dag.py
[2023-11-27T08:49:38.638+0000] {processor.py:839} INFO - DAG(s) dict_keys(['get_transactions_dag']) retrieved from /opt/airflow/dags/dag.py
[2023-11-27T08:49:38.659+0000] {logging_mixin.py:151} INFO - [2023-11-27T08:49:38.658+0000] {dag.py:2915} INFO - Sync 1 DAGs
[2023-11-27T08:49:38.667+0000] {logging_mixin.py:151} INFO - [2023-11-27T08:49:38.667+0000] {dag.py:3696} INFO - Setting next_dagrun for get_transactions_dag to None, run_after=None
[2023-11-27T08:49:38.677+0000] {processor.py:179} INFO - Processing /opt/airflow/dags/dag.py took 0.279 seconds
[2023-11-27T08:50:08.859+0000] {processor.py:157} INFO - Started process (PID=640) to work on /opt/airflow/dags/dag.py
[2023-11-27T08:50:08.861+0000] {processor.py:829} INFO - Processing file /opt/airflow/dags/dag.py for tasks to queue
[2023-11-27T08:50:08.862+0000] {logging_mixin.py:151} INFO - [2023-11-27T08:50:08.861+0000] {dagbag.py:539} INFO - Filling up the DagBag from /opt/airflow/dags/dag.py
[2023-11-27T08:50:09.081+0000] {processor.py:839} INFO - DAG(s) dict_keys(['get_transactions_dag']) retrieved from /opt/airflow/dags/dag.py
[2023-11-27T08:50:09.099+0000] {logging_mixin.py:151} INFO - [2023-11-27T08:50:09.098+0000] {dag.py:2915} INFO - Sync 1 DAGs
[2023-11-27T08:50:09.106+0000] {logging_mixin.py:151} INFO - [2023-11-27T08:50:09.106+0000] {dag.py:3696} INFO - Setting next_dagrun for get_transactions_dag to None, run_after=None
[2023-11-27T08:50:09.116+0000] {processor.py:179} INFO - Processing /opt/airflow/dags/dag.py took 0.262 seconds
[2023-11-27T08:50:39.173+0000] {processor.py:157} INFO - Started process (PID=653) to work on /opt/airflow/dags/dag.py
[2023-11-27T08:50:39.174+0000] {processor.py:829} INFO - Processing file /opt/airflow/dags/dag.py for tasks to queue
[2023-11-27T08:50:39.175+0000] {logging_mixin.py:151} INFO - [2023-11-27T08:50:39.175+0000] {dagbag.py:539} INFO - Filling up the DagBag from /opt/airflow/dags/dag.py
[2023-11-27T08:50:39.395+0000] {processor.py:839} INFO - DAG(s) dict_keys(['get_transactions_dag']) retrieved from /opt/airflow/dags/dag.py
[2023-11-27T08:50:39.415+0000] {logging_mixin.py:151} INFO - [2023-11-27T08:50:39.415+0000] {dag.py:2915} INFO - Sync 1 DAGs
[2023-11-27T08:50:39.424+0000] {logging_mixin.py:151} INFO - [2023-11-27T08:50:39.424+0000] {dag.py:3696} INFO - Setting next_dagrun for get_transactions_dag to None, run_after=None
[2023-11-27T08:50:39.435+0000] {processor.py:179} INFO - Processing /opt/airflow/dags/dag.py took 0.267 seconds
[2023-11-27T08:51:09.680+0000] {processor.py:157} INFO - Started process (PID=665) to work on /opt/airflow/dags/dag.py
[2023-11-27T08:51:09.681+0000] {processor.py:829} INFO - Processing file /opt/airflow/dags/dag.py for tasks to queue
[2023-11-27T08:51:09.682+0000] {logging_mixin.py:151} INFO - [2023-11-27T08:51:09.682+0000] {dagbag.py:539} INFO - Filling up the DagBag from /opt/airflow/dags/dag.py
[2023-11-27T08:51:09.879+0000] {processor.py:839} INFO - DAG(s) dict_keys(['get_transactions_dag']) retrieved from /opt/airflow/dags/dag.py
[2023-11-27T08:51:09.896+0000] {logging_mixin.py:151} INFO - [2023-11-27T08:51:09.896+0000] {dag.py:2915} INFO - Sync 1 DAGs
[2023-11-27T08:51:09.903+0000] {logging_mixin.py:151} INFO - [2023-11-27T08:51:09.903+0000] {dag.py:3696} INFO - Setting next_dagrun for get_transactions_dag to None, run_after=None
[2023-11-27T08:51:09.913+0000] {processor.py:179} INFO - Processing /opt/airflow/dags/dag.py took 0.238 seconds
[2023-11-27T08:51:39.980+0000] {processor.py:157} INFO - Started process (PID=678) to work on /opt/airflow/dags/dag.py
[2023-11-27T08:51:39.981+0000] {processor.py:829} INFO - Processing file /opt/airflow/dags/dag.py for tasks to queue
[2023-11-27T08:51:39.982+0000] {logging_mixin.py:151} INFO - [2023-11-27T08:51:39.982+0000] {dagbag.py:539} INFO - Filling up the DagBag from /opt/airflow/dags/dag.py
[2023-11-27T08:51:40.197+0000] {processor.py:839} INFO - DAG(s) dict_keys(['get_transactions_dag']) retrieved from /opt/airflow/dags/dag.py
[2023-11-27T08:51:40.216+0000] {logging_mixin.py:151} INFO - [2023-11-27T08:51:40.216+0000] {dag.py:2915} INFO - Sync 1 DAGs
[2023-11-27T08:51:40.225+0000] {logging_mixin.py:151} INFO - [2023-11-27T08:51:40.225+0000] {dag.py:3696} INFO - Setting next_dagrun for get_transactions_dag to None, run_after=None
[2023-11-27T08:51:40.236+0000] {processor.py:179} INFO - Processing /opt/airflow/dags/dag.py took 0.261 seconds
[2023-11-27T08:52:10.448+0000] {processor.py:157} INFO - Started process (PID=691) to work on /opt/airflow/dags/dag.py
[2023-11-27T08:52:10.449+0000] {processor.py:829} INFO - Processing file /opt/airflow/dags/dag.py for tasks to queue
[2023-11-27T08:52:10.450+0000] {logging_mixin.py:151} INFO - [2023-11-27T08:52:10.450+0000] {dagbag.py:539} INFO - Filling up the DagBag from /opt/airflow/dags/dag.py
[2023-11-27T08:52:10.673+0000] {processor.py:839} INFO - DAG(s) dict_keys(['get_transactions_dag']) retrieved from /opt/airflow/dags/dag.py
[2023-11-27T08:52:10.695+0000] {logging_mixin.py:151} INFO - [2023-11-27T08:52:10.694+0000] {dag.py:2915} INFO - Sync 1 DAGs
[2023-11-27T08:52:10.704+0000] {logging_mixin.py:151} INFO - [2023-11-27T08:52:10.703+0000] {dag.py:3696} INFO - Setting next_dagrun for get_transactions_dag to None, run_after=None
[2023-11-27T08:52:10.714+0000] {processor.py:179} INFO - Processing /opt/airflow/dags/dag.py took 0.271 seconds
[2023-11-27T08:52:40.761+0000] {processor.py:157} INFO - Started process (PID=704) to work on /opt/airflow/dags/dag.py
[2023-11-27T08:52:40.762+0000] {processor.py:829} INFO - Processing file /opt/airflow/dags/dag.py for tasks to queue
[2023-11-27T08:52:40.763+0000] {logging_mixin.py:151} INFO - [2023-11-27T08:52:40.763+0000] {dagbag.py:539} INFO - Filling up the DagBag from /opt/airflow/dags/dag.py
[2023-11-27T08:52:40.960+0000] {processor.py:839} INFO - DAG(s) dict_keys(['get_transactions_dag']) retrieved from /opt/airflow/dags/dag.py
[2023-11-27T08:52:40.977+0000] {logging_mixin.py:151} INFO - [2023-11-27T08:52:40.977+0000] {dag.py:2915} INFO - Sync 1 DAGs
[2023-11-27T08:52:40.985+0000] {logging_mixin.py:151} INFO - [2023-11-27T08:52:40.985+0000] {dag.py:3696} INFO - Setting next_dagrun for get_transactions_dag to None, run_after=None
[2023-11-27T08:52:40.994+0000] {processor.py:179} INFO - Processing /opt/airflow/dags/dag.py took 0.238 seconds
[2023-11-27T08:53:11.342+0000] {processor.py:157} INFO - Started process (PID=718) to work on /opt/airflow/dags/dag.py
[2023-11-27T08:53:11.344+0000] {processor.py:829} INFO - Processing file /opt/airflow/dags/dag.py for tasks to queue
[2023-11-27T08:53:11.345+0000] {logging_mixin.py:151} INFO - [2023-11-27T08:53:11.345+0000] {dagbag.py:539} INFO - Filling up the DagBag from /opt/airflow/dags/dag.py
[2023-11-27T08:53:11.552+0000] {processor.py:839} INFO - DAG(s) dict_keys(['get_transactions_dag']) retrieved from /opt/airflow/dags/dag.py
[2023-11-27T08:53:11.571+0000] {logging_mixin.py:151} INFO - [2023-11-27T08:53:11.571+0000] {dag.py:2915} INFO - Sync 1 DAGs
[2023-11-27T08:53:11.579+0000] {logging_mixin.py:151} INFO - [2023-11-27T08:53:11.579+0000] {dag.py:3696} INFO - Setting next_dagrun for get_transactions_dag to None, run_after=None
[2023-11-27T08:53:11.592+0000] {processor.py:179} INFO - Processing /opt/airflow/dags/dag.py took 0.255 seconds
[2023-11-27T08:53:41.641+0000] {processor.py:157} INFO - Started process (PID=731) to work on /opt/airflow/dags/dag.py
[2023-11-27T08:53:41.642+0000] {processor.py:829} INFO - Processing file /opt/airflow/dags/dag.py for tasks to queue
[2023-11-27T08:53:41.643+0000] {logging_mixin.py:151} INFO - [2023-11-27T08:53:41.643+0000] {dagbag.py:539} INFO - Filling up the DagBag from /opt/airflow/dags/dag.py
[2023-11-27T08:53:41.883+0000] {processor.py:839} INFO - DAG(s) dict_keys(['get_transactions_dag']) retrieved from /opt/airflow/dags/dag.py
[2023-11-27T08:53:41.903+0000] {logging_mixin.py:151} INFO - [2023-11-27T08:53:41.903+0000] {dag.py:2915} INFO - Sync 1 DAGs
[2023-11-27T08:53:41.913+0000] {logging_mixin.py:151} INFO - [2023-11-27T08:53:41.913+0000] {dag.py:3696} INFO - Setting next_dagrun for get_transactions_dag to None, run_after=None
[2023-11-27T08:53:41.926+0000] {processor.py:179} INFO - Processing /opt/airflow/dags/dag.py took 0.289 seconds
[2023-11-27T08:54:12.164+0000] {processor.py:157} INFO - Started process (PID=744) to work on /opt/airflow/dags/dag.py
[2023-11-27T08:54:12.166+0000] {processor.py:829} INFO - Processing file /opt/airflow/dags/dag.py for tasks to queue
[2023-11-27T08:54:12.167+0000] {logging_mixin.py:151} INFO - [2023-11-27T08:54:12.166+0000] {dagbag.py:539} INFO - Filling up the DagBag from /opt/airflow/dags/dag.py
[2023-11-27T08:54:12.403+0000] {processor.py:839} INFO - DAG(s) dict_keys(['get_transactions_dag']) retrieved from /opt/airflow/dags/dag.py
[2023-11-27T08:54:12.421+0000] {logging_mixin.py:151} INFO - [2023-11-27T08:54:12.421+0000] {dag.py:2915} INFO - Sync 1 DAGs
[2023-11-27T08:54:12.430+0000] {logging_mixin.py:151} INFO - [2023-11-27T08:54:12.429+0000] {dag.py:3696} INFO - Setting next_dagrun for get_transactions_dag to None, run_after=None
[2023-11-27T08:54:12.440+0000] {processor.py:179} INFO - Processing /opt/airflow/dags/dag.py took 0.280 seconds
[2023-11-27T08:54:42.697+0000] {processor.py:157} INFO - Started process (PID=757) to work on /opt/airflow/dags/dag.py
[2023-11-27T08:54:42.699+0000] {processor.py:829} INFO - Processing file /opt/airflow/dags/dag.py for tasks to queue
[2023-11-27T08:54:42.700+0000] {logging_mixin.py:151} INFO - [2023-11-27T08:54:42.700+0000] {dagbag.py:539} INFO - Filling up the DagBag from /opt/airflow/dags/dag.py
[2023-11-27T08:54:42.906+0000] {processor.py:839} INFO - DAG(s) dict_keys(['get_transactions_dag']) retrieved from /opt/airflow/dags/dag.py
[2023-11-27T08:54:42.924+0000] {logging_mixin.py:151} INFO - [2023-11-27T08:54:42.924+0000] {dag.py:2915} INFO - Sync 1 DAGs
[2023-11-27T08:54:42.933+0000] {logging_mixin.py:151} INFO - [2023-11-27T08:54:42.933+0000] {dag.py:3696} INFO - Setting next_dagrun for get_transactions_dag to None, run_after=None
[2023-11-27T08:54:42.943+0000] {processor.py:179} INFO - Processing /opt/airflow/dags/dag.py took 0.251 seconds
